# JRE version: Java(TM) SE Runtime Environment (17.0.5+9) (build 17.0.5+9-LTS-191)
# Java VM: Java HotSpot(TM) 64-Bit Server VM (17.0.5+9-LTS-191, mixed mode, sharing, tiered, compressed oops, compressed class ptrs, parallel gc, windows-amd64)
GC Precious Log:
 CPUs: 8 total, 8 available
 Memory: 32709M
 Large Page Support: Disabled
 NUMA Support: Disabled
 Compressed Oops: Enabled (32-bit)
 Alignments: Space 512K, Generation 512K, Heap 2M
 Heap Min Capacity: 100M
 Heap Initial Capacity: 100M
 Heap Max Capacity: 1G
 Pre-touch: Disabled
 Parallel Workers: 8
Heap:
 PSYoungGen      total 3584K, used 1249K [0x00000000eab00000, 0x00000000eb000000, 0x0000000100000000)
  eden space 3072K, 24% used [0x00000000eab00000,0x00000000eabbc478,0x00000000eae00000)
  from space 512K, 96% used [0x00000000eaf80000,0x00000000eaffc010,0x00000000eb000000)
  to   space 1024K, 0% used [0x00000000eae00000,0x00000000eae00000,0x00000000eaf00000)
 ParOldGen       total 157696K, used 112219K [0x00000000c0000000, 0x00000000c9a00000, 0x00000000eab00000)
  object space 157696K, 71% used [0x00000000c0000000,0x00000000c6d96d78,0x00000000c9a00000)
 Metaspace       used 68931K, committed 70016K, reserved 1114112K
  class space    used 6770K, committed 7232K, reserved 1048576K
GC Heap History (20 events):
Event: 1185.543 GC heap before
{Heap before GC invocations=1731 (full 25):
 PSYoungGen      total 3584K, used 3584K [0x00000000eab00000, 0x00000000eb100000, 0x0000000100000000)
  eden space 3072K, 100% used [0x00000000eab00000,0x00000000eae00000,0x00000000eae00000)
  from space 512K, 100% used [0x00000000eb080000,0x00000000eb100000,0x00000000eb100000)
  to   space 1024K, 0% used [0x00000000eaf00000,0x00000000eaf00000,0x00000000eb000000)
 ParOldGen       total 157696K, used 107850K [0x00000000c0000000, 0x00000000c9a00000, 0x00000000eab00000)
  object space 157696K, 68% used [0x00000000c0000000,0x00000000c6952868,0x00000000c9a00000)
 Metaspace       used 68888K, committed 69952K, reserved 1114112K
  class space    used 6770K, committed 7232K, reserved 1048576K
}
Event: 1185.544 GC heap after
{Heap after GC invocations=1731 (full 25):
 PSYoungGen      total 4096K, used 640K [0x00000000eab00000, 0x00000000eb100000, 0x0000000100000000)
  eden space 3072K, 0% used [0x00000000eab00000,0x00000000eab00000,0x00000000eae00000)
  from space 1024K, 62% used [0x00000000eaf00000,0x00000000eafa0020,0x00000000eb000000)
  to   space 1024K, 0% used [0x00000000eb000000,0x00000000eb000000,0x00000000eb100000)
 ParOldGen       total 157696K, used 108319K [0x00000000c0000000, 0x00000000c9a00000, 0x00000000eab00000)
  object space 157696K, 68% used [0x00000000c0000000,0x00000000c69c7cf8,0x00000000c9a00000)
 Metaspace       used 68888K, committed 69952K, reserved 1114112K
  class space    used 6770K, committed 7232K, reserved 1048576K
}
Event: 1185.793 GC heap before
{Heap before GC invocations=1732 (full 25):
 PSYoungGen      total 4096K, used 3712K [0x00000000eab00000, 0x00000000eb100000, 0x0000000100000000)
  eden space 3072K, 100% used [0x00000000eab00000,0x00000000eae00000,0x00000000eae00000)
  from space 1024K, 62% used [0x00000000eaf00000,0x00000000eafa0020,0x00000000eb000000)
  to   space 1024K, 0% used [0x00000000eb000000,0x00000000eb000000,0x00000000eb100000)
 ParOldGen       total 157696K, used 108319K [0x00000000c0000000, 0x00000000c9a00000, 0x00000000eab00000)
  object space 157696K, 68% used [0x00000000c0000000,0x00000000c69c7cf8,0x00000000c9a00000)
 Metaspace       used 68891K, committed 69952K, reserved 1114112K
  class space    used 6770K, committed 7232K, reserved 1048576K
}
Event: 1185.794 GC heap after
{Heap after GC invocations=1732 (full 25):
 PSYoungGen      total 3584K, used 416K [0x00000000eab00000, 0x00000000eb080000, 0x0000000100000000)
  eden space 3072K, 0% used [0x00000000eab00000,0x00000000eab00000,0x00000000eae00000)
  from space 512K, 81% used [0x00000000eb000000,0x00000000eb068000,0x00000000eb080000)
  to   space 512K, 0% used [0x00000000eaf80000,0x00000000eaf80000,0x00000000eb000000)
 ParOldGen       total 157696K, used 108833K [0x00000000c0000000, 0x00000000c9a00000, 0x00000000eab00000)
  object space 157696K, 69% used [0x00000000c0000000,0x00000000c6a48638,0x00000000c9a00000)
 Metaspace       used 68891K, committed 69952K, reserved 1114112K
  class space    used 6770K, committed 7232K, reserved 1048576K
}
Event: 1186.627 GC heap before
{Heap before GC invocations=1733 (full 25):
 PSYoungGen      total 3584K, used 3488K [0x00000000eab00000, 0x00000000eb080000, 0x0000000100000000)
  eden space 3072K, 100% used [0x00000000eab00000,0x00000000eae00000,0x00000000eae00000)
  from space 512K, 81% used [0x00000000eb000000,0x00000000eb068000,0x00000000eb080000)
  to   space 512K, 0% used [0x00000000eaf80000,0x00000000eaf80000,0x00000000eb000000)
 ParOldGen       total 157696K, used 108833K [0x00000000c0000000, 0x00000000c9a00000, 0x00000000eab00000)
  object space 157696K, 69% used [0x00000000c0000000,0x00000000c6a48638,0x00000000c9a00000)
 Metaspace       used 68892K, committed 70016K, reserved 1114112K
  class space    used 6770K, committed 7232K, reserved 1048576K
}
Event: 1186.627 GC heap after
{Heap after GC invocations=1733 (full 25):
 PSYoungGen      total 3584K, used 384K [0x00000000eab00000, 0x00000000eb080000, 0x0000000100000000)
  eden space 3072K, 0% used [0x00000000eab00000,0x00000000eab00000,0x00000000eae00000)
  from space 512K, 75% used [0x00000000eaf80000,0x00000000eafe0000,0x00000000eb000000)
  to   space 512K, 0% used [0x00000000eb000000,0x00000000eb000000,0x00000000eb080000)
 ParOldGen       total 157696K, used 109145K [0x00000000c0000000, 0x00000000c9a00000, 0x00000000eab00000)
  object space 157696K, 69% used [0x00000000c0000000,0x00000000c6a96638,0x00000000c9a00000)
 Metaspace       used 68892K, committed 70016K, reserved 1114112K
  class space    used 6770K, committed 7232K, reserved 1048576K
}
Event: 1186.962 GC heap before
{Heap before GC invocations=1734 (full 25):
 PSYoungGen      total 3584K, used 3456K [0x00000000eab00000, 0x00000000eb080000, 0x0000000100000000)
  eden space 3072K, 100% used [0x00000000eab00000,0x00000000eae00000,0x00000000eae00000)
  from space 512K, 75% used [0x00000000eaf80000,0x00000000eafe0000,0x00000000eb000000)
  to   space 512K, 0% used [0x00000000eb000000,0x00000000eb000000,0x00000000eb080000)
 ParOldGen       total 157696K, used 109145K [0x00000000c0000000, 0x00000000c9a00000, 0x00000000eab00000)
  object space 157696K, 69% used [0x00000000c0000000,0x00000000c6a96638,0x00000000c9a00000)
 Metaspace       used 68916K, committed 70016K, reserved 1114112K
  class space    used 6770K, committed 7232K, reserved 1048576K
}
Event: 1186.963 GC heap after
{Heap after GC invocations=1734 (full 25):
 PSYoungGen      total 3584K, used 256K [0x00000000eab00000, 0x00000000eb080000, 0x0000000100000000)
  eden space 3072K, 0% used [0x00000000eab00000,0x00000000eab00000,0x00000000eae00000)
  from space 512K, 50% used [0x00000000eb000000,0x00000000eb040000,0x00000000eb080000)
  to   space 512K, 0% used [0x00000000eaf80000,0x00000000eaf80000,0x00000000eb000000)
 ParOldGen       total 157696K, used 109409K [0x00000000c0000000, 0x00000000c9a00000, 0x00000000eab00000)
  object space 157696K, 69% used [0x00000000c0000000,0x00000000c6ad8638,0x00000000c9a00000)
 Metaspace       used 68916K, committed 70016K, reserved 1114112K
  class space    used 6770K, committed 7232K, reserved 1048576K
}
Event: 1187.249 GC heap before
{Heap before GC invocations=1735 (full 25):
 PSYoungGen      total 3584K, used 3328K [0x00000000eab00000, 0x00000000eb080000, 0x0000000100000000)
  eden space 3072K, 100% used [0x00000000eab00000,0x00000000eae00000,0x00000000eae00000)
  from space 512K, 50% used [0x00000000eb000000,0x00000000eb040000,0x00000000eb080000)
  to   space 512K, 0% used [0x00000000eaf80000,0x00000000eaf80000,0x00000000eb000000)
 ParOldGen       total 157696K, used 109409K [0x00000000c0000000, 0x00000000c9a00000, 0x00000000eab00000)
  object space 157696K, 69% used [0x00000000c0000000,0x00000000c6ad8638,0x00000000c9a00000)
 Metaspace       used 68925K, committed 70016K, reserved 1114112K
  class space    used 6770K, committed 7232K, reserved 1048576K
}
Event: 1187.250 GC heap after
{Heap after GC invocations=1735 (full 25):
 PSYoungGen      total 3584K, used 320K [0x00000000eab00000, 0x00000000eb080000, 0x0000000100000000)
  eden space 3072K, 0% used [0x00000000eab00000,0x00000000eab00000,0x00000000eae00000)
  from space 512K, 62% used [0x00000000eaf80000,0x00000000eafd0000,0x00000000eb000000)
  to   space 512K, 0% used [0x00000000eb000000,0x00000000eb000000,0x00000000eb080000)
 ParOldGen       total 157696K, used 109449K [0x00000000c0000000, 0x00000000c9a00000, 0x00000000eab00000)
  object space 157696K, 69% used [0x00000000c0000000,0x00000000c6ae2638,0x00000000c9a00000)
 Metaspace       used 68925K, committed 70016K, reserved 1114112K
  class space    used 6770K, committed 7232K, reserved 1048576K
}
Event: 1187.597 GC heap before
{Heap before GC invocations=1736 (full 25):
 PSYoungGen      total 3584K, used 3392K [0x00000000eab00000, 0x00000000eb080000, 0x0000000100000000)
  eden space 3072K, 100% used [0x00000000eab00000,0x00000000eae00000,0x00000000eae00000)
  from space 512K, 62% used [0x00000000eaf80000,0x00000000eafd0000,0x00000000eb000000)
  to   space 512K, 0% used [0x00000000eb000000,0x00000000eb000000,0x00000000eb080000)
 ParOldGen       total 157696K, used 109449K [0x00000000c0000000, 0x00000000c9a00000, 0x00000000eab00000)
  object space 157696K, 69% used [0x00000000c0000000,0x00000000c6ae2638,0x00000000c9a00000)
 Metaspace       used 68925K, committed 70016K, reserved 1114112K
  class space    used 6770K, committed 7232K, reserved 1048576K
}
Event: 1187.597 GC heap after
{Heap after GC invocations=1736 (full 25):
 PSYoungGen      total 3584K, used 512K [0x00000000eab00000, 0x00000000eb100000, 0x0000000100000000)
  eden space 3072K, 0% used [0x00000000eab00000,0x00000000eab00000,0x00000000eae00000)
  from space 512K, 100% used [0x00000000eb000000,0x00000000eb080000,0x00000000eb080000)
  to   space 1536K, 0% used [0x00000000eae00000,0x00000000eae00000,0x00000000eaf80000)
 ParOldGen       total 157696K, used 109902K [0x00000000c0000000, 0x00000000c9a00000, 0x00000000eab00000)
  object space 157696K, 69% used [0x00000000c0000000,0x00000000c6b53af8,0x00000000c9a00000)
 Metaspace       used 68925K, committed 70016K, reserved 1114112K
  class space    used 6770K, committed 7232K, reserved 1048576K
}
Event: 1187.721 GC heap before
{Heap before GC invocations=1737 (full 25):
 PSYoungGen      total 3584K, used 3584K [0x00000000eab00000, 0x00000000eb100000, 0x0000000100000000)
  eden space 3072K, 100% used [0x00000000eab00000,0x00000000eae00000,0x00000000eae00000)
  from space 512K, 100% used [0x00000000eb000000,0x00000000eb080000,0x00000000eb080000)
  to   space 1536K, 0% used [0x00000000eae00000,0x00000000eae00000,0x00000000eaf80000)
 ParOldGen       total 157696K, used 109902K [0x00000000c0000000, 0x00000000c9a00000, 0x00000000eab00000)
  object space 157696K, 69% used [0x00000000c0000000,0x00000000c6b53af8,0x00000000c9a00000)
 Metaspace       used 68925K, committed 70016K, reserved 1114112K
  class space    used 6770K, committed 7232K, reserved 1048576K
}
Event: 1187.722 GC heap after
{Heap after GC invocations=1737 (full 25):
 PSYoungGen      total 4608K, used 672K [0x00000000eab00000, 0x00000000eb080000, 0x0000000100000000)
  eden space 3072K, 0% used [0x00000000eab00000,0x00000000eab00000,0x00000000eae00000)
  from space 1536K, 43% used [0x00000000eae00000,0x00000000eaea8000,0x00000000eaf80000)
  to   space 1024K, 0% used [0x00000000eaf80000,0x00000000eaf80000,0x00000000eb080000)
 ParOldGen       total 157696K, used 110413K [0x00000000c0000000, 0x00000000c9a00000, 0x00000000eab00000)
  object space 157696K, 70% used [0x00000000c0000000,0x00000000c6bd3538,0x00000000c9a00000)
 Metaspace       used 68925K, committed 70016K, reserved 1114112K
  class space    used 6770K, committed 7232K, reserved 1048576K
}
Event: 1187.730 GC heap before
{Heap before GC invocations=1738 (full 25):
 PSYoungGen      total 4608K, used 3744K [0x00000000eab00000, 0x00000000eb080000, 0x0000000100000000)
  eden space 3072K, 100% used [0x00000000eab00000,0x00000000eae00000,0x00000000eae00000)
  from space 1536K, 43% used [0x00000000eae00000,0x00000000eaea8000,0x00000000eaf80000)
  to   space 1024K, 0% used [0x00000000eaf80000,0x00000000eaf80000,0x00000000eb080000)
 ParOldGen       total 157696K, used 110413K [0x00000000c0000000, 0x00000000c9a00000, 0x00000000eab00000)
  object space 157696K, 70% used [0x00000000c0000000,0x00000000c6bd3538,0x00000000c9a00000)
 Metaspace       used 68926K, committed 70016K, reserved 1114112K
  class space    used 6770K, committed 7232K, reserved 1048576K
}
Event: 1187.731 GC heap after
{Heap after GC invocations=1738 (full 25):
 PSYoungGen      total 4096K, used 896K [0x00000000eab00000, 0x00000000eb080000, 0x0000000100000000)
  eden space 3072K, 0% used [0x00000000eab00000,0x00000000eab00000,0x00000000eae00000)
  from space 1024K, 87% used [0x00000000eaf80000,0x00000000eb060020,0x00000000eb080000)
  to   space 1024K, 0% used [0x00000000eae80000,0x00000000eae80000,0x00000000eaf80000)
 ParOldGen       total 157696K, used 110986K [0x00000000c0000000, 0x00000000c9a00000, 0x00000000eab00000)
  object space 157696K, 70% used [0x00000000c0000000,0x00000000c6c629d8,0x00000000c9a00000)
 Metaspace       used 68926K, committed 70016K, reserved 1114112K
  class space    used 6770K, committed 7232K, reserved 1048576K
}
Event: 1187.739 GC heap before
{Heap before GC invocations=1739 (full 25):
 PSYoungGen      total 4096K, used 3968K [0x00000000eab00000, 0x00000000eb080000, 0x0000000100000000)
  eden space 3072K, 100% used [0x00000000eab00000,0x00000000eae00000,0x00000000eae00000)
  from space 1024K, 87% used [0x00000000eaf80000,0x00000000eb060020,0x00000000eb080000)
  to   space 1024K, 0% used [0x00000000eae80000,0x00000000eae80000,0x00000000eaf80000)
 ParOldGen       total 157696K, used 110986K [0x00000000c0000000, 0x00000000c9a00000, 0x00000000eab00000)
  object space 157696K, 70% used [0x00000000c0000000,0x00000000c6c629d8,0x00000000c9a00000)
 Metaspace       used 68931K, committed 70016K, reserved 1114112K
  class space    used 6770K, committed 7232K, reserved 1048576K
}
Event: 1187.740 GC heap after
{Heap after GC invocations=1739 (full 25):
 PSYoungGen      total 4096K, used 608K [0x00000000eab00000, 0x00000000eb000000, 0x0000000100000000)
  eden space 3072K, 0% used [0x00000000eab00000,0x00000000eab00000,0x00000000eae00000)
  from space 1024K, 59% used [0x00000000eae80000,0x00000000eaf18020,0x00000000eaf80000)
  to   space 512K, 0% used [0x00000000eaf80000,0x00000000eaf80000,0x00000000eb000000)
 ParOldGen       total 157696K, used 111782K [0x00000000c0000000, 0x00000000c9a00000, 0x00000000eab00000)
  object space 157696K, 70% used [0x00000000c0000000,0x00000000c6d298d8,0x00000000c9a00000)
 Metaspace       used 68931K, committed 70016K, reserved 1114112K
  class space    used 6770K, committed 7232K, reserved 1048576K
}
Event: 1187.747 GC heap before
{Heap before GC invocations=1740 (full 25):
 PSYoungGen      total 4096K, used 3680K [0x00000000eab00000, 0x00000000eb000000, 0x0000000100000000)
  eden space 3072K, 100% used [0x00000000eab00000,0x00000000eae00000,0x00000000eae00000)
  from space 1024K, 59% used [0x00000000eae80000,0x00000000eaf18020,0x00000000eaf80000)
  to   space 512K, 0% used [0x00000000eaf80000,0x00000000eaf80000,0x00000000eb000000)
 ParOldGen       total 157696K, used 111782K [0x00000000c0000000, 0x00000000c9a00000, 0x00000000eab00000)
  object space 157696K, 70% used [0x00000000c0000000,0x00000000c6d298d8,0x00000000c9a00000)
 Metaspace       used 68931K, committed 70016K, reserved 1114112K
  class space    used 6770K, committed 7232K, reserved 1048576K
}
Event: 1187.748 GC heap after
{Heap after GC invocations=1740 (full 25):
 PSYoungGen      total 3584K, used 496K [0x00000000eab00000, 0x00000000eb000000, 0x0000000100000000)
  eden space 3072K, 0% used [0x00000000eab00000,0x00000000eab00000,0x00000000eae00000)
  from space 512K, 96% used [0x00000000eaf80000,0x00000000eaffc010,0x00000000eb000000)
  to   space 1024K, 0% used [0x00000000eae00000,0x00000000eae00000,0x00000000eaf00000)
 ParOldGen       total 157696K, used 112219K [0x00000000c0000000, 0x00000000c9a00000, 0x00000000eab00000)
  object space 157696K, 71% used [0x00000000c0000000,0x00000000c6d96d78,0x00000000c9a00000)
 Metaspace       used 68931K, committed 70016K, reserved 1114112K
  class space    used 6770K, committed 7232K, reserved 1048576K
}

