# JRE version: OpenJDK Runtime Environment Temurin-17.0.4.1+1 (17.0.4.1+1) (build 17.0.4.1+1)
# Java VM: OpenJDK 64-Bit Server VM Temurin-17.0.4.1+1 (17.0.4.1+1, mixed mode, emulated-client, tiered, compressed oops, compressed class ptrs, g1 gc, windows-amd64)
GC Precious Log:
 CPUs: 8 total, 8 available
 Memory: 32709M
 Large Page Support: Disabled
 NUMA Support: Disabled
 Compressed Oops: Enabled (Zero based)
 Heap Region Size: 4M
 Heap Min Capacity: 8M
 Heap Initial Capacity: 512M
 Heap Max Capacity: 8180M
 Pre-touch: Disabled
 Parallel Workers: 8
 Concurrent Workers: 2
 Concurrent Refinement Workers: 8
 Periodic GC: Disabled
Heap:
 garbage-first heap   total 946176K, used 202848K [0x0000000600c00000, 0x0000000800000000)
  region size 4096K, 13 young (53248K), 13 survivors (53248K)
 Metaspace       used 39174K, committed 39488K, reserved 1089536K
  class space    used 4958K, committed 5120K, reserved 1048576K
GC Heap History (20 events):
Event: 2.801 GC heap after
{Heap after GC invocations=16 (full 0):
 garbage-first heap   total 122880K, used 65344K [0x0000000600c00000, 0x0000000800000000)
  region size 4096K, 2 young (8192K), 2 survivors (8192K)
 Metaspace       used 38940K, committed 39296K, reserved 1089536K
  class space    used 4937K, committed 5120K, reserved 1048576K
}
Event: 2.806 GC heap before
{Heap before GC invocations=16 (full 0):
 garbage-first heap   total 122880K, used 81728K [0x0000000600c00000, 0x0000000800000000)
  region size 4096K, 7 young (28672K), 2 survivors (8192K)
 Metaspace       used 38960K, committed 39296K, reserved 1089536K
  class space    used 4938K, committed 5120K, reserved 1048576K
}
Event: 2.816 GC heap after
{Heap after GC invocations=17 (full 0):
 garbage-first heap   total 323584K, used 67219K [0x0000000600c00000, 0x0000000800000000)
  region size 4096K, 1 young (4096K), 1 survivors (4096K)
 Metaspace       used 38960K, committed 39296K, reserved 1089536K
  class space    used 4938K, committed 5120K, reserved 1048576K
}
Event: 2.844 GC heap before
{Heap before GC invocations=17 (full 0):
 garbage-first heap   total 323584K, used 181907K [0x0000000600c00000, 0x0000000800000000)
  region size 4096K, 30 young (122880K), 1 survivors (4096K)
 Metaspace       used 38969K, committed 39296K, reserved 1089536K
  class space    used 4943K, committed 5120K, reserved 1048576K
}
Event: 2.847 GC heap after
{Heap after GC invocations=18 (full 0):
 garbage-first heap   total 323584K, used 71154K [0x0000000600c00000, 0x0000000800000000)
  region size 4096K, 2 young (8192K), 2 survivors (8192K)
 Metaspace       used 38969K, committed 39296K, reserved 1089536K
  class space    used 4943K, committed 5120K, reserved 1048576K
}
Event: 2.878 GC heap before
{Heap before GC invocations=19 (full 0):
 garbage-first heap   total 315392K, used 218610K [0x0000000600c00000, 0x0000000800000000)
  region size 4096K, 40 young (163840K), 2 survivors (8192K)
 Metaspace       used 39044K, committed 39424K, reserved 1089536K
  class space    used 4949K, committed 5120K, reserved 1048576K
}
Event: 2.882 GC heap after
{Heap after GC invocations=20 (full 0):
 garbage-first heap   total 315392K, used 77153K [0x0000000600c00000, 0x0000000800000000)
  region size 4096K, 3 young (12288K), 3 survivors (12288K)
 Metaspace       used 39044K, committed 39424K, reserved 1089536K
  class space    used 4949K, committed 5120K, reserved 1048576K
}
Event: 2.899 GC heap before
{Heap before GC invocations=20 (full 0):
 garbage-first heap   total 315392K, used 220513K [0x0000000600c00000, 0x0000000800000000)
  region size 4096K, 39 young (159744K), 3 survivors (12288K)
 Metaspace       used 39044K, committed 39424K, reserved 1089536K
  class space    used 4950K, committed 5120K, reserved 1048576K
}
Event: 2.904 GC heap after
{Heap after GC invocations=21 (full 0):
 garbage-first heap   total 315392K, used 83062K [0x0000000600c00000, 0x0000000800000000)
  region size 4096K, 3 young (12288K), 3 survivors (12288K)
 Metaspace       used 39044K, committed 39424K, reserved 1089536K
  class space    used 4950K, committed 5120K, reserved 1048576K
}
Event: 2.921 GC heap before
{Heap before GC invocations=21 (full 0):
 garbage-first heap   total 315392K, used 226422K [0x0000000600c00000, 0x0000000800000000)
  region size 4096K, 39 young (159744K), 3 survivors (12288K)
 Metaspace       used 39044K, committed 39424K, reserved 1089536K
  class space    used 4950K, committed 5120K, reserved 1048576K
}
Event: 2.926 GC heap after
{Heap after GC invocations=22 (full 0):
 garbage-first heap   total 315392K, used 89797K [0x0000000600c00000, 0x0000000800000000)
  region size 4096K, 4 young (16384K), 4 survivors (16384K)
 Metaspace       used 39044K, committed 39424K, reserved 1089536K
  class space    used 4950K, committed 5120K, reserved 1048576K
}
Event: 2.943 GC heap before
{Heap before GC invocations=22 (full 0):
 garbage-first heap   total 315392K, used 233157K [0x0000000600c00000, 0x0000000800000000)
  region size 4096K, 41 young (167936K), 4 survivors (16384K)
 Metaspace       used 39044K, committed 39424K, reserved 1089536K
  class space    used 4950K, committed 5120K, reserved 1048576K
}
Event: 2.950 GC heap after
{Heap after GC invocations=23 (full 0):
 garbage-first heap   total 946176K, used 96115K [0x0000000600c00000, 0x0000000800000000)
  region size 4096K, 4 young (16384K), 4 survivors (16384K)
 Metaspace       used 39044K, committed 39424K, reserved 1089536K
  class space    used 4950K, committed 5120K, reserved 1048576K
}
Event: 3.047 GC heap before
{Heap before GC invocations=23 (full 0):
 garbage-first heap   total 946176K, used 640883K [0x0000000600c00000, 0x0000000800000000)
  region size 4096K, 138 young (565248K), 4 survivors (16384K)
 Metaspace       used 39044K, committed 39424K, reserved 1089536K
  class space    used 4950K, committed 5120K, reserved 1048576K
}
Event: 3.057 GC heap after
{Heap after GC invocations=24 (full 0):
 garbage-first heap   total 946176K, used 118119K [0x0000000600c00000, 0x0000000800000000)
  region size 4096K, 9 young (36864K), 9 survivors (36864K)
 Metaspace       used 39044K, committed 39424K, reserved 1089536K
  class space    used 4950K, committed 5120K, reserved 1048576K
}
Event: 3.406 GC heap before
{Heap before GC invocations=24 (full 0):
 garbage-first heap   total 946176K, used 642407K [0x0000000600c00000, 0x0000000800000000)
  region size 4096K, 138 young (565248K), 9 survivors (36864K)
 Metaspace       used 39174K, committed 39488K, reserved 1089536K
  class space    used 4958K, committed 5120K, reserved 1048576K
}
Event: 3.420 GC heap after
{Heap after GC invocations=25 (full 0):
 garbage-first heap   total 946176K, used 149909K [0x0000000600c00000, 0x0000000800000000)
  region size 4096K, 17 young (69632K), 17 survivors (69632K)
 Metaspace       used 39174K, committed 39488K, reserved 1089536K
  class space    used 4958K, committed 5120K, reserved 1048576K
}
Event: 3.921 GC heap before
{Heap before GC invocations=25 (full 0):
 garbage-first heap   total 946176K, used 641429K [0x0000000600c00000, 0x0000000800000000)
  region size 4096K, 138 young (565248K), 17 survivors (69632K)
 Metaspace       used 39174K, committed 39488K, reserved 1089536K
  class space    used 4958K, committed 5120K, reserved 1048576K
}
Event: 3.941 GC heap after
{Heap after GC invocations=26 (full 0):
 garbage-first heap   total 946176K, used 174552K [0x0000000600c00000, 0x0000000800000000)
  region size 4096K, 14 young (57344K), 14 survivors (57344K)
 Metaspace       used 39174K, committed 39488K, reserved 1089536K
  class space    used 4958K, committed 5120K, reserved 1048576K
}
Event: 4.410 GC heap before
{Heap before GC invocations=26 (full 0):
 garbage-first heap   total 946176K, used 678360K [0x0000000600c00000, 0x0000000800000000)
  region size 4096K, 138 young (565248K), 14 survivors (57344K)
 Metaspace       used 39174K, committed 39488K, reserved 1089536K
  class space    used 4958K, committed 5120K, reserved 1048576K
}

