# JRE version: OpenJDK Runtime Environment Temurin-17.0.4.1+1 (17.0.4.1+1) (build 17.0.4.1+1)
# Java VM: OpenJDK 64-Bit Server VM Temurin-17.0.4.1+1 (17.0.4.1+1, mixed mode, emulated-client, tiered, compressed oops, compressed class ptrs, g1 gc, windows-amd64)
GC Precious Log:
 CPUs: 8 total, 8 available
 Memory: 32709M
 Large Page Support: Disabled
 NUMA Support: Disabled
 Compressed Oops: Enabled (Zero based)
 Heap Region Size: 4M
 Heap Min Capacity: 8M
 Heap Initial Capacity: 512M
 Heap Max Capacity: 8180M
 Pre-touch: Disabled
 Parallel Workers: 8
 Concurrent Workers: 2
 Concurrent Refinement Workers: 8
 Periodic GC: Disabled
Heap:
 garbage-first heap   total 741376K, used 176439K [0x0000000600c00000, 0x0000000800000000)
  region size 4096K, 10 young (40960K), 10 survivors (40960K)
 Metaspace       used 39272K, committed 39680K, reserved 1089536K
  class space    used 4979K, committed 5184K, reserved 1048576K
GC Heap History (20 events):
Event: 3.004 GC heap after
{Heap after GC invocations=15 (full 0):
 garbage-first heap   total 163840K, used 63060K [0x0000000600c00000, 0x0000000800000000)
  region size 4096K, 3 young (12288K), 3 survivors (12288K)
 Metaspace       used 38978K, committed 39360K, reserved 1089536K
  class space    used 4942K, committed 5120K, reserved 1048576K
}
Event: 3.013 GC heap before
{Heap before GC invocations=15 (full 0):
 garbage-first heap   total 163840K, used 104020K [0x0000000600c00000, 0x0000000800000000)
  region size 4096K, 14 young (57344K), 3 survivors (12288K)
 Metaspace       used 38996K, committed 39360K, reserved 1089536K
  class space    used 4943K, committed 5120K, reserved 1048576K
}
Event: 3.017 GC heap after
{Heap after GC invocations=16 (full 0):
 garbage-first heap   total 163840K, used 67824K [0x0000000600c00000, 0x0000000800000000)
  region size 4096K, 1 young (4096K), 1 survivors (4096K)
 Metaspace       used 38996K, committed 39360K, reserved 1089536K
  class space    used 4943K, committed 5120K, reserved 1048576K
}
Event: 3.025 GC heap before
{Heap before GC invocations=16 (full 0):
 garbage-first heap   total 163840K, used 108784K [0x0000000600c00000, 0x0000000800000000)
  region size 4096K, 12 young (49152K), 1 survivors (4096K)
 Metaspace       used 38996K, committed 39360K, reserved 1089536K
  class space    used 4943K, committed 5120K, reserved 1048576K
}
Event: 3.026 GC heap after
{Heap after GC invocations=17 (full 0):
 garbage-first heap   total 327680K, used 68295K [0x0000000600c00000, 0x0000000800000000)
  region size 4096K, 1 young (4096K), 1 survivors (4096K)
 Metaspace       used 38996K, committed 39360K, reserved 1089536K
  class space    used 4943K, committed 5120K, reserved 1048576K
}
Event: 3.063 GC heap before
{Heap before GC invocations=17 (full 0):
 garbage-first heap   total 327680K, used 232135K [0x0000000600c00000, 0x0000000800000000)
  region size 4096K, 42 young (172032K), 1 survivors (4096K)
 Metaspace       used 39068K, committed 39424K, reserved 1089536K
  class space    used 4958K, committed 5120K, reserved 1048576K
}
Event: 3.067 GC heap after
{Heap after GC invocations=18 (full 0):
 garbage-first heap   total 327680K, used 74448K [0x0000000600c00000, 0x0000000800000000)
  region size 4096K, 3 young (12288K), 3 survivors (12288K)
 Metaspace       used 39068K, committed 39424K, reserved 1089536K
  class space    used 4958K, committed 5120K, reserved 1048576K
}
Event: 3.090 GC heap before
{Heap before GC invocations=18 (full 0):
 garbage-first heap   total 327680K, used 238288K [0x0000000600c00000, 0x0000000800000000)
  region size 4096K, 44 young (180224K), 3 survivors (12288K)
 Metaspace       used 39141K, committed 39552K, reserved 1089536K
  class space    used 4970K, committed 5184K, reserved 1048576K
}
Event: 3.094 GC heap after
{Heap after GC invocations=19 (full 0):
 garbage-first heap   total 327680K, used 81609K [0x0000000600c00000, 0x0000000800000000)
  region size 4096K, 5 young (20480K), 5 survivors (20480K)
 Metaspace       used 39141K, committed 39552K, reserved 1089536K
  class space    used 4970K, committed 5184K, reserved 1048576K
}
Event: 3.114 GC heap before
{Heap before GC invocations=19 (full 0):
 garbage-first heap   total 327680K, used 245449K [0x0000000600c00000, 0x0000000800000000)
  region size 4096K, 46 young (188416K), 5 survivors (20480K)
 Metaspace       used 39141K, committed 39552K, reserved 1089536K
  class space    used 4971K, committed 5184K, reserved 1048576K
}
Event: 3.120 GC heap after
{Heap after GC invocations=20 (full 0):
 garbage-first heap   total 327680K, used 88876K [0x0000000600c00000, 0x0000000800000000)
  region size 4096K, 4 young (16384K), 4 survivors (16384K)
 Metaspace       used 39141K, committed 39552K, reserved 1089536K
  class space    used 4971K, committed 5184K, reserved 1048576K
}
Event: 3.143 GC heap before
{Heap before GC invocations=20 (full 0):
 garbage-first heap   total 327680K, used 252716K [0x0000000600c00000, 0x0000000800000000)
  region size 4096K, 45 young (184320K), 4 survivors (16384K)
 Metaspace       used 39141K, committed 39552K, reserved 1089536K
  class space    used 4971K, committed 5184K, reserved 1048576K
}
Event: 3.150 GC heap after
{Heap after GC invocations=21 (full 0):
 garbage-first heap   total 741376K, used 96128K [0x0000000600c00000, 0x0000000800000000)
  region size 4096K, 4 young (16384K), 4 survivors (16384K)
 Metaspace       used 39141K, committed 39552K, reserved 1089536K
  class space    used 4971K, committed 5184K, reserved 1048576K
}
Event: 3.226 GC heap before
{Heap before GC invocations=21 (full 0):
 garbage-first heap   total 741376K, used 518016K [0x0000000600c00000, 0x0000000800000000)
  region size 4096K, 108 young (442368K), 4 survivors (16384K)
 Metaspace       used 39141K, committed 39552K, reserved 1089536K
  class space    used 4971K, committed 5184K, reserved 1048576K
}
Event: 3.235 GC heap after
{Heap after GC invocations=22 (full 0):
 garbage-first heap   total 741376K, used 111440K [0x0000000600c00000, 0x0000000800000000)
  region size 4096K, 8 young (32768K), 8 survivors (32768K)
 Metaspace       used 39141K, committed 39552K, reserved 1089536K
  class space    used 4971K, committed 5184K, reserved 1048576K
}
Event: 3.389 GC heap before
{Heap before GC invocations=22 (full 0):
 garbage-first heap   total 741376K, used 516944K [0x0000000600c00000, 0x0000000800000000)
  region size 4096K, 108 young (442368K), 8 survivors (32768K)
 Metaspace       used 39272K, committed 39680K, reserved 1089536K
  class space    used 4979K, committed 5184K, reserved 1048576K
}
Event: 3.399 GC heap after
{Heap after GC invocations=23 (full 0):
 garbage-first heap   total 741376K, used 136987K [0x0000000600c00000, 0x0000000800000000)
  region size 4096K, 12 young (49152K), 12 survivors (49152K)
 Metaspace       used 39272K, committed 39680K, reserved 1089536K
  class space    used 4979K, committed 5184K, reserved 1048576K
}
Event: 3.825 GC heap before
{Heap before GC invocations=23 (full 0):
 garbage-first heap   total 741376K, used 526107K [0x0000000600c00000, 0x0000000800000000)
  region size 4096K, 108 young (442368K), 12 survivors (49152K)
 Metaspace       used 39272K, committed 39680K, reserved 1089536K
  class space    used 4979K, committed 5184K, reserved 1048576K
}
Event: 3.838 GC heap after
{Heap after GC invocations=24 (full 0):
 garbage-first heap   total 741376K, used 158917K [0x0000000600c00000, 0x0000000800000000)
  region size 4096K, 12 young (49152K), 12 survivors (49152K)
 Metaspace       used 39272K, committed 39680K, reserved 1089536K
  class space    used 4979K, committed 5184K, reserved 1048576K
}
Event: 4.237 GC heap before
{Heap before GC invocations=24 (full 0):
 garbage-first heap   total 741376K, used 548037K [0x0000000600c00000, 0x0000000800000000)
  region size 4096K, 108 young (442368K), 12 survivors (49152K)
 Metaspace       used 39272K, committed 39680K, reserved 1089536K
  class space    used 4979K, committed 5184K, reserved 1048576K
}

