# JRE version: OpenJDK Runtime Environment Temurin-17.0.4.1+1 (17.0.4.1+1) (build 17.0.4.1+1)
# Java VM: OpenJDK 64-Bit Server VM Temurin-17.0.4.1+1 (17.0.4.1+1, mixed mode, emulated-client, tiered, compressed oops, compressed class ptrs, g1 gc, windows-amd64)
GC Precious Log:
 CPUs: 8 total, 8 available
 Memory: 32709M
 Large Page Support: Disabled
 NUMA Support: Disabled
 Compressed Oops: Enabled (Zero based)
 Heap Region Size: 4M
 Heap Min Capacity: 8M
 Heap Initial Capacity: 512M
 Heap Max Capacity: 8180M
 Pre-touch: Disabled
 Parallel Workers: 8
 Concurrent Workers: 2
 Concurrent Refinement Workers: 8
 Periodic GC: Disabled
Heap:
 garbage-first heap   total 581632K, used 139856K [0x0000000600c00000, 0x0000000800000000)
  region size 4096K, 9 young (36864K), 9 survivors (36864K)
 Metaspace       used 39302K, committed 39680K, reserved 1089536K
  class space    used 4983K, committed 5184K, reserved 1048576K
GC Heap History (20 events):
Event: 2.770 GC heap after
{Heap after GC invocations=10 (full 0):
 garbage-first heap   total 57344K, used 22662K [0x0000000600c00000, 0x0000000800000000)
  region size 4096K, 1 young (4096K), 1 survivors (4096K)
 Metaspace       used 35985K, committed 36288K, reserved 1081344K
  class space    used 4655K, committed 4800K, reserved 1048576K
}
Event: 2.832 GC heap before
{Heap before GC invocations=11 (full 0):
 garbage-first heap   total 57344K, used 34950K [0x0000000600c00000, 0x0000000800000000)
  region size 4096K, 4 young (16384K), 1 survivors (4096K)
 Metaspace       used 36619K, committed 36928K, reserved 1081344K
  class space    used 4716K, committed 4864K, reserved 1048576K
}
Event: 2.833 GC heap after
{Heap after GC invocations=12 (full 0):
 garbage-first heap   total 57344K, used 24254K [0x0000000600c00000, 0x0000000800000000)
  region size 4096K, 1 young (4096K), 1 survivors (4096K)
 Metaspace       used 36619K, committed 36928K, reserved 1081344K
  class space    used 4716K, committed 4864K, reserved 1048576K
}
Event: 2.889 GC heap before
{Heap before GC invocations=12 (full 0):
 garbage-first heap   total 57344K, used 36542K [0x0000000600c00000, 0x0000000800000000)
  region size 4096K, 4 young (16384K), 1 survivors (4096K)
 Metaspace       used 37325K, committed 37696K, reserved 1089536K
  class space    used 4757K, committed 4928K, reserved 1048576K
}
Event: 2.891 GC heap after
{Heap after GC invocations=13 (full 0):
 garbage-first heap   total 290816K, used 26373K [0x0000000600c00000, 0x0000000800000000)
  region size 4096K, 1 young (4096K), 1 survivors (4096K)
 Metaspace       used 37325K, committed 37696K, reserved 1089536K
  class space    used 4757K, committed 4928K, reserved 1048576K
}
Event: 3.266 GC heap before
{Heap before GC invocations=13 (full 0):
 garbage-first heap   total 290816K, used 186117K [0x0000000600c00000, 0x0000000800000000)
  region size 4096K, 41 young (167936K), 1 survivors (4096K)
 Metaspace       used 39060K, committed 39488K, reserved 1089536K
  class space    used 4960K, committed 5184K, reserved 1048576K
}
Event: 3.280 GC heap after
{Heap after GC invocations=14 (full 0):
 garbage-first heap   total 290816K, used 61941K [0x0000000600c00000, 0x0000000800000000)
  region size 4096K, 6 young (24576K), 6 survivors (24576K)
 Metaspace       used 39060K, committed 39488K, reserved 1089536K
  class space    used 4960K, committed 5184K, reserved 1048576K
}
Event: 3.298 GC heap before
{Heap before GC invocations=14 (full 0):
 garbage-first heap   total 290816K, used 156149K [0x0000000600c00000, 0x0000000800000000)
  region size 4096K, 30 young (122880K), 6 survivors (24576K)
 Metaspace       used 39067K, committed 39488K, reserved 1089536K
  class space    used 4960K, committed 5184K, reserved 1048576K
}
Event: 3.305 GC heap after
{Heap after GC invocations=15 (full 0):
 garbage-first heap   total 290816K, used 68439K [0x0000000600c00000, 0x0000000800000000)
  region size 4096K, 2 young (8192K), 2 survivors (8192K)
 Metaspace       used 39067K, committed 39488K, reserved 1089536K
  class space    used 4960K, committed 5184K, reserved 1048576K
}
Event: 3.321 GC heap before
{Heap before GC invocations=15 (full 0):
 garbage-first heap   total 290816K, used 174935K [0x0000000600c00000, 0x0000000800000000)
  region size 4096K, 29 young (118784K), 2 survivors (8192K)
 Metaspace       used 39170K, committed 39552K, reserved 1089536K
  class space    used 4973K, committed 5184K, reserved 1048576K
}
Event: 3.323 GC heap after
{Heap after GC invocations=16 (full 0):
 garbage-first heap   total 290816K, used 71761K [0x0000000600c00000, 0x0000000800000000)
  region size 4096K, 3 young (12288K), 3 survivors (12288K)
 Metaspace       used 39170K, committed 39552K, reserved 1089536K
  class space    used 4973K, committed 5184K, reserved 1048576K
}
Event: 3.340 GC heap before
{Heap before GC invocations=16 (full 0):
 garbage-first heap   total 290816K, used 194641K [0x0000000600c00000, 0x0000000800000000)
  region size 4096K, 34 young (139264K), 3 survivors (12288K)
 Metaspace       used 39170K, committed 39552K, reserved 1089536K
  class space    used 4973K, committed 5184K, reserved 1048576K
}
Event: 3.344 GC heap after
{Heap after GC invocations=17 (full 0):
 garbage-first heap   total 581632K, used 76889K [0x0000000600c00000, 0x0000000800000000)
  region size 4096K, 4 young (16384K), 4 survivors (16384K)
 Metaspace       used 39170K, committed 39552K, reserved 1089536K
  class space    used 4973K, committed 5184K, reserved 1048576K
}
Event: 3.407 GC heap before
{Heap before GC invocations=17 (full 0):
 garbage-first heap   total 581632K, used 404569K [0x0000000600c00000, 0x0000000800000000)
  region size 4096K, 86 young (352256K), 4 survivors (16384K)
 Metaspace       used 39171K, committed 39552K, reserved 1089536K
  class space    used 4974K, committed 5184K, reserved 1048576K
}
Event: 3.415 GC heap after
{Heap after GC invocations=18 (full 0):
 garbage-first heap   total 581632K, used 89948K [0x0000000600c00000, 0x0000000800000000)
  region size 4096K, 7 young (28672K), 7 survivors (28672K)
 Metaspace       used 39171K, committed 39552K, reserved 1089536K
  class space    used 4974K, committed 5184K, reserved 1048576K
}
Event: 3.452 GC heap before
{Heap before GC invocations=18 (full 0):
 garbage-first heap   total 581632K, used 405340K [0x0000000600c00000, 0x0000000800000000)
  region size 4096K, 85 young (348160K), 7 survivors (28672K)
 Metaspace       used 39171K, committed 39552K, reserved 1089536K
  class space    used 4974K, committed 5184K, reserved 1048576K
}
Event: 3.461 GC heap after
{Heap after GC invocations=19 (full 0):
 garbage-first heap   total 581632K, used 103045K [0x0000000600c00000, 0x0000000800000000)
  region size 4096K, 9 young (36864K), 9 survivors (36864K)
 Metaspace       used 39171K, committed 39552K, reserved 1089536K
  class space    used 4974K, committed 5184K, reserved 1048576K
}
Event: 3.499 GC heap before
{Heap before GC invocations=19 (full 0):
 garbage-first heap   total 581632K, used 410245K [0x0000000600c00000, 0x0000000800000000)
  region size 4096K, 85 young (348160K), 9 survivors (36864K)
 Metaspace       used 39171K, committed 39552K, reserved 1089536K
  class space    used 4974K, committed 5184K, reserved 1048576K
}
Event: 3.511 GC heap after
{Heap after GC invocations=20 (full 0):
 garbage-first heap   total 581632K, used 118833K [0x0000000600c00000, 0x0000000800000000)
  region size 4096K, 8 young (32768K), 8 survivors (32768K)
 Metaspace       used 39171K, committed 39552K, reserved 1089536K
  class space    used 4974K, committed 5184K, reserved 1048576K
}
Event: 3.687 GC heap before
{Heap before GC invocations=20 (full 0):
 garbage-first heap   total 581632K, used 430129K [0x0000000600c00000, 0x0000000800000000)
  region size 4096K, 85 young (348160K), 8 survivors (32768K)
 Metaspace       used 39302K, committed 39680K, reserved 1089536K
  class space    used 4983K, committed 5184K, reserved 1048576K
}

