# JRE version: OpenJDK Runtime Environment Temurin-17.0.5+8 (17.0.5+8) (build 17.0.5+8)
# Java VM: OpenJDK 64-Bit Server VM Temurin-17.0.5+8 (17.0.5+8, mixed mode, emulated-client, tiered, compressed oops, compressed class ptrs, g1 gc, windows-amd64)
GC Precious Log:
 CPUs: 8 total, 8 available
 Memory: 32709M
 Large Page Support: Disabled
 NUMA Support: Disabled
 Compressed Oops: Enabled (Zero based)
 Heap Region Size: 4M
 Heap Min Capacity: 8M
 Heap Initial Capacity: 512M
 Heap Max Capacity: 8180M
 Pre-touch: Disabled
 Parallel Workers: 8
 Concurrent Workers: 2
 Concurrent Refinement Workers: 8
 Periodic GC: Disabled
Heap:
 garbage-first heap   total 311296K, used 83577K [0x0000000600c00000, 0x0000000800000000)
  region size 4096K, 4 young (16384K), 4 survivors (16384K)
 Metaspace       used 40050K, committed 40448K, reserved 1089536K
  class space    used 5129K, committed 5312K, reserved 1048576K
GC Heap History (20 events):
Event: 4.323 GC heap after
{Heap after GC invocations=6 (full 0):
 garbage-first heap   total 69632K, used 14257K [0x0000000600c00000, 0x0000000800000000)
  region size 4096K, 1 young (4096K), 1 survivors (4096K)
 Metaspace       used 27130K, committed 27520K, reserved 1073152K
  class space    used 3411K, committed 3584K, reserved 1048576K
}
Event: 4.742 GC heap before
{Heap before GC invocations=6 (full 0):
 garbage-first heap   total 69632K, used 38833K [0x0000000600c00000, 0x0000000800000000)
  region size 4096K, 8 young (32768K), 1 survivors (4096K)
 Metaspace       used 32094K, committed 32448K, reserved 1081344K
  class space    used 4103K, committed 4288K, reserved 1048576K
}
Event: 4.748 GC heap after
{Heap after GC invocations=7 (full 0):
 garbage-first heap   total 69632K, used 17459K [0x0000000600c00000, 0x0000000800000000)
  region size 4096K, 1 young (4096K), 1 survivors (4096K)
 Metaspace       used 32094K, committed 32448K, reserved 1081344K
  class space    used 4103K, committed 4288K, reserved 1048576K
}
Event: 9.592 GC heap before
{Heap before GC invocations=7 (full 0):
 garbage-first heap   total 69632K, used 37939K [0x0000000600c00000, 0x0000000800000000)
  region size 4096K, 7 young (28672K), 1 survivors (4096K)
 Metaspace       used 35750K, committed 36096K, reserved 1081344K
  class space    used 4700K, committed 4864K, reserved 1048576K
}
Event: 9.597 GC heap after
{Heap after GC invocations=8 (full 0):
 garbage-first heap   total 299008K, used 19396K [0x0000000600c00000, 0x0000000800000000)
  region size 4096K, 1 young (4096K), 1 survivors (4096K)
 Metaspace       used 35750K, committed 36096K, reserved 1081344K
  class space    used 4700K, committed 4864K, reserved 1048576K
}
Event: 9.926 GC heap before
{Heap before GC invocations=9 (full 0):
 garbage-first heap   total 98304K, used 68548K [0x0000000600c00000, 0x0000000800000000)
  region size 4096K, 14 young (57344K), 1 survivors (4096K)
 Metaspace       used 38679K, committed 39104K, reserved 1089536K
  class space    used 4947K, committed 5120K, reserved 1048576K
}
Event: 9.932 GC heap after
{Heap after GC invocations=10 (full 0):
 garbage-first heap   total 98304K, used 28047K [0x0000000600c00000, 0x0000000800000000)
  region size 4096K, 2 young (8192K), 2 survivors (8192K)
 Metaspace       used 38679K, committed 39104K, reserved 1089536K
  class space    used 4947K, committed 5120K, reserved 1048576K
}
Event: 9.940 GC heap before
{Heap before GC invocations=10 (full 0):
 garbage-first heap   total 98304K, used 32143K [0x0000000600c00000, 0x0000000800000000)
  region size 4096K, 3 young (12288K), 2 survivors (8192K)
 Metaspace       used 38679K, committed 39104K, reserved 1089536K
  class space    used 4947K, committed 5120K, reserved 1048576K
}
Event: 9.944 GC heap after
{Heap after GC invocations=11 (full 0):
 garbage-first heap   total 98304K, used 30326K [0x0000000600c00000, 0x0000000800000000)
  region size 4096K, 1 young (4096K), 1 survivors (4096K)
 Metaspace       used 38679K, committed 39104K, reserved 1089536K
  class space    used 4947K, committed 5120K, reserved 1048576K
}
Event: 10.167 GC heap before
{Heap before GC invocations=11 (full 0):
 garbage-first heap   total 98304K, used 58998K [0x0000000600c00000, 0x0000000800000000)
  region size 4096K, 9 young (36864K), 1 survivors (4096K)
 Metaspace       used 39628K, committed 40064K, reserved 1089536K
  class space    used 5067K, committed 5248K, reserved 1048576K
}
Event: 10.171 GC heap after
{Heap after GC invocations=12 (full 0):
 garbage-first heap   total 98304K, used 34556K [0x0000000600c00000, 0x0000000800000000)
  region size 4096K, 2 young (8192K), 2 survivors (8192K)
 Metaspace       used 39628K, committed 40064K, reserved 1089536K
  class space    used 5067K, committed 5248K, reserved 1048576K
}
Event: 10.213 GC heap before
{Heap before GC invocations=12 (full 0):
 garbage-first heap   total 98304K, used 63228K [0x0000000600c00000, 0x0000000800000000)
  region size 4096K, 9 young (36864K), 2 survivors (8192K)
 Metaspace       used 39838K, committed 40192K, reserved 1089536K
  class space    used 5103K, committed 5248K, reserved 1048576K
}
Event: 10.217 GC heap after
{Heap after GC invocations=13 (full 0):
 garbage-first heap   total 311296K, used 39582K [0x0000000600c00000, 0x0000000800000000)
  region size 4096K, 2 young (8192K), 2 survivors (8192K)
 Metaspace       used 39838K, committed 40192K, reserved 1089536K
  class space    used 5103K, committed 5248K, reserved 1048576K
}
Event: 10.521 GC heap before
{Heap before GC invocations=13 (full 0):
 garbage-first heap   total 311296K, used 195230K [0x0000000600c00000, 0x0000000800000000)
  region size 4096K, 41 young (167936K), 2 survivors (8192K)
 Metaspace       used 39945K, committed 40320K, reserved 1089536K
  class space    used 5114K, committed 5248K, reserved 1048576K
}
Event: 10.539 GC heap after
{Heap after GC invocations=14 (full 0):
 garbage-first heap   total 311296K, used 67047K [0x0000000600c00000, 0x0000000800000000)
  region size 4096K, 6 young (24576K), 6 survivors (24576K)
 Metaspace       used 39945K, committed 40320K, reserved 1089536K
  class space    used 5114K, committed 5248K, reserved 1048576K
}
Event: 10.581 GC heap before
{Heap before GC invocations=14 (full 0):
 garbage-first heap   total 311296K, used 185831K [0x0000000600c00000, 0x0000000800000000)
  region size 4096K, 36 young (147456K), 6 survivors (24576K)
 Metaspace       used 39968K, committed 40384K, reserved 1089536K
  class space    used 5122K, committed 5312K, reserved 1048576K
}
Event: 10.589 GC heap after
{Heap after GC invocations=15 (full 0):
 garbage-first heap   total 311296K, used 74942K [0x0000000600c00000, 0x0000000800000000)
  region size 4096K, 2 young (8192K), 2 survivors (8192K)
 Metaspace       used 39968K, committed 40384K, reserved 1089536K
  class space    used 5122K, committed 5312K, reserved 1048576K
}
Event: 10.624 GC heap before
{Heap before GC invocations=15 (full 0):
 garbage-first heap   total 311296K, used 201918K [0x0000000600c00000, 0x0000000800000000)
  region size 4096K, 34 young (139264K), 2 survivors (8192K)
 Metaspace       used 40026K, committed 40448K, reserved 1089536K
  class space    used 5124K, committed 5312K, reserved 1048576K
}
Event: 10.628 GC heap after
{Heap after GC invocations=16 (full 0):
 garbage-first heap   total 311296K, used 77837K [0x0000000600c00000, 0x0000000800000000)
  region size 4096K, 3 young (12288K), 3 survivors (12288K)
 Metaspace       used 40026K, committed 40448K, reserved 1089536K
  class space    used 5124K, committed 5312K, reserved 1048576K
}
Event: 10.661 GC heap before
{Heap before GC invocations=16 (full 0):
 garbage-first heap   total 311296K, used 213005K [0x0000000600c00000, 0x0000000800000000)
  region size 4096K, 38 young (155648K), 3 survivors (12288K)
 Metaspace       used 40050K, committed 40448K, reserved 1089536K
  class space    used 5129K, committed 5312K, reserved 1048576K
}

