# JRE version: OpenJDK Runtime Environment Temurin-17.0.4.1+1 (17.0.4.1+1) (build 17.0.4.1+1)
# Java VM: OpenJDK 64-Bit Server VM Temurin-17.0.4.1+1 (17.0.4.1+1, mixed mode, emulated-client, tiered, compressed oops, compressed class ptrs, g1 gc, windows-amd64)
GC Precious Log:
 CPUs: 8 total, 8 available
 Memory: 32709M
 Large Page Support: Disabled
 NUMA Support: Disabled
 Compressed Oops: Enabled (Zero based)
 Heap Region Size: 4M
 Heap Min Capacity: 8M
 Heap Initial Capacity: 512M
 Heap Max Capacity: 8180M
 Pre-touch: Disabled
 Parallel Workers: 8
 Concurrent Workers: 2
 Concurrent Refinement Workers: 8
 Periodic GC: Disabled
Heap:
 garbage-first heap   total 581632K, used 137268K [0x0000000600c00000, 0x0000000800000000)
  region size 4096K, 9 young (36864K), 9 survivors (36864K)
 Metaspace       used 39269K, committed 39680K, reserved 1089536K
  class space    used 4977K, committed 5184K, reserved 1048576K
GC Heap History (20 events):
Event: 2.370 GC heap after
{Heap after GC invocations=11 (full 0):
 garbage-first heap   total 57344K, used 24509K [0x0000000600c00000, 0x0000000800000000)
  region size 4096K, 1 young (4096K), 1 survivors (4096K)
 Metaspace       used 36468K, committed 36864K, reserved 1081344K
  class space    used 4696K, committed 4864K, reserved 1048576K
}
Event: 2.402 GC heap before
{Heap before GC invocations=11 (full 0):
 garbage-first heap   total 57344K, used 32701K [0x0000000600c00000, 0x0000000800000000)
  region size 4096K, 4 young (16384K), 1 survivors (4096K)
 Metaspace       used 37001K, committed 37376K, reserved 1081344K
  class space    used 4742K, committed 4928K, reserved 1048576K
}
Event: 2.403 GC heap after
{Heap after GC invocations=12 (full 0):
 garbage-first heap   total 57344K, used 26317K [0x0000000600c00000, 0x0000000800000000)
  region size 4096K, 1 young (4096K), 1 survivors (4096K)
 Metaspace       used 37001K, committed 37376K, reserved 1081344K
  class space    used 4742K, committed 4928K, reserved 1048576K
}
Event: 2.429 GC heap before
{Heap before GC invocations=12 (full 0):
 garbage-first heap   total 57344K, used 38605K [0x0000000600c00000, 0x0000000800000000)
  region size 4096K, 4 young (16384K), 1 survivors (4096K)
 Metaspace       used 37628K, committed 37952K, reserved 1089536K
  class space    used 4773K, committed 4928K, reserved 1048576K
}
Event: 2.431 GC heap after
{Heap after GC invocations=13 (full 0):
 garbage-first heap   total 290816K, used 28587K [0x0000000600c00000, 0x0000000800000000)
  region size 4096K, 1 young (4096K), 1 survivors (4096K)
 Metaspace       used 37628K, committed 37952K, reserved 1089536K
  class space    used 4773K, committed 4928K, reserved 1048576K
}
Event: 2.764 GC heap before
{Heap before GC invocations=13 (full 0):
 garbage-first heap   total 290816K, used 184235K [0x0000000600c00000, 0x0000000800000000)
  region size 4096K, 40 young (163840K), 1 survivors (4096K)
 Metaspace       used 39029K, committed 39424K, reserved 1089536K
  class space    used 4953K, committed 5120K, reserved 1048576K
}
Event: 2.777 GC heap after
{Heap after GC invocations=14 (full 0):
 garbage-first heap   total 290816K, used 61658K [0x0000000600c00000, 0x0000000800000000)
  region size 4096K, 5 young (20480K), 5 survivors (20480K)
 Metaspace       used 39029K, committed 39424K, reserved 1089536K
  class space    used 4953K, committed 5120K, reserved 1048576K
}
Event: 2.802 GC heap before
{Heap before GC invocations=14 (full 0):
 garbage-first heap   total 290816K, used 151770K [0x0000000600c00000, 0x0000000800000000)
  region size 4096K, 28 young (114688K), 5 survivors (20480K)
 Metaspace       used 39048K, committed 39424K, reserved 1089536K
  class space    used 4956K, committed 5120K, reserved 1048576K
}
Event: 2.809 GC heap after
{Heap after GC invocations=15 (full 0):
 garbage-first heap   total 290816K, used 67503K [0x0000000600c00000, 0x0000000800000000)
  region size 4096K, 2 young (8192K), 2 survivors (8192K)
 Metaspace       used 39048K, committed 39424K, reserved 1089536K
  class space    used 4956K, committed 5120K, reserved 1048576K
}
Event: 2.830 GC heap before
{Heap before GC invocations=15 (full 0):
 garbage-first heap   total 290816K, used 169903K [0x0000000600c00000, 0x0000000800000000)
  region size 4096K, 28 young (114688K), 2 survivors (8192K)
 Metaspace       used 39102K, committed 39488K, reserved 1089536K
  class space    used 4966K, committed 5184K, reserved 1048576K
}
Event: 2.832 GC heap after
{Heap after GC invocations=16 (full 0):
 garbage-first heap   total 290816K, used 70491K [0x0000000600c00000, 0x0000000800000000)
  region size 4096K, 2 young (8192K), 2 survivors (8192K)
 Metaspace       used 39102K, committed 39488K, reserved 1089536K
  class space    used 4966K, committed 5184K, reserved 1048576K
}
Event: 2.849 GC heap before
{Heap before GC invocations=16 (full 0):
 garbage-first heap   total 290816K, used 193371K [0x0000000600c00000, 0x0000000800000000)
  region size 4096K, 33 young (135168K), 2 survivors (8192K)
 Metaspace       used 39138K, committed 39552K, reserved 1089536K
  class space    used 4968K, committed 5184K, reserved 1048576K
}
Event: 2.853 GC heap after
{Heap after GC invocations=17 (full 0):
 garbage-first heap   total 581632K, used 75708K [0x0000000600c00000, 0x0000000800000000)
  region size 4096K, 4 young (16384K), 4 survivors (16384K)
 Metaspace       used 39138K, committed 39552K, reserved 1089536K
  class space    used 4968K, committed 5184K, reserved 1048576K
}
Event: 2.911 GC heap before
{Heap before GC invocations=17 (full 0):
 garbage-first heap   total 581632K, used 403388K [0x0000000600c00000, 0x0000000800000000)
  region size 4096K, 85 young (348160K), 4 survivors (16384K)
 Metaspace       used 39138K, committed 39552K, reserved 1089536K
  class space    used 4968K, committed 5184K, reserved 1048576K
}
Event: 2.917 GC heap after
{Heap after GC invocations=18 (full 0):
 garbage-first heap   total 581632K, used 88874K [0x0000000600c00000, 0x0000000800000000)
  region size 4096K, 7 young (28672K), 7 survivors (28672K)
 Metaspace       used 39138K, committed 39552K, reserved 1089536K
  class space    used 4968K, committed 5184K, reserved 1048576K
}
Event: 2.959 GC heap before
{Heap before GC invocations=18 (full 0):
 garbage-first heap   total 581632K, used 404266K [0x0000000600c00000, 0x0000000800000000)
  region size 4096K, 85 young (348160K), 7 survivors (28672K)
 Metaspace       used 39138K, committed 39552K, reserved 1089536K
  class space    used 4968K, committed 5184K, reserved 1048576K
}
Event: 2.968 GC heap after
{Heap after GC invocations=19 (full 0):
 garbage-first heap   total 581632K, used 102655K [0x0000000600c00000, 0x0000000800000000)
  region size 4096K, 9 young (36864K), 9 survivors (36864K)
 Metaspace       used 39138K, committed 39552K, reserved 1089536K
  class space    used 4968K, committed 5184K, reserved 1048576K
}
Event: 3.003 GC heap before
{Heap before GC invocations=19 (full 0):
 garbage-first heap   total 581632K, used 409855K [0x0000000600c00000, 0x0000000800000000)
  region size 4096K, 85 young (348160K), 9 survivors (36864K)
 Metaspace       used 39138K, committed 39552K, reserved 1089536K
  class space    used 4968K, committed 5184K, reserved 1048576K
}
Event: 3.015 GC heap after
{Heap after GC invocations=20 (full 0):
 garbage-first heap   total 581632K, used 117594K [0x0000000600c00000, 0x0000000800000000)
  region size 4096K, 8 young (32768K), 8 survivors (32768K)
 Metaspace       used 39138K, committed 39552K, reserved 1089536K
  class space    used 4968K, committed 5184K, reserved 1048576K
}
Event: 3.178 GC heap before
{Heap before GC invocations=20 (full 0):
 garbage-first heap   total 581632K, used 428890K [0x0000000600c00000, 0x0000000800000000)
  region size 4096K, 85 young (348160K), 8 survivors (32768K)
 Metaspace       used 39269K, committed 39680K, reserved 1089536K
  class space    used 4977K, committed 5184K, reserved 1048576K
}

