# JRE version: OpenJDK Runtime Environment Temurin-17.0.4.1+1 (17.0.4.1+1) (build 17.0.4.1+1)
# Java VM: OpenJDK 64-Bit Server VM Temurin-17.0.4.1+1 (17.0.4.1+1, mixed mode, emulated-client, tiered, compressed oops, compressed class ptrs, g1 gc, windows-amd64)
GC Precious Log:
 CPUs: 8 total, 8 available
 Memory: 32709M
 Large Page Support: Disabled
 NUMA Support: Disabled
 Compressed Oops: Enabled (Zero based)
 Heap Region Size: 4M
 Heap Min Capacity: 8M
 Heap Initial Capacity: 512M
 Heap Max Capacity: 8180M
 Pre-touch: Disabled
 Parallel Workers: 8
 Concurrent Workers: 2
 Concurrent Refinement Workers: 8
 Periodic GC: Disabled
Heap:
 garbage-first heap   total 651264K, used 158177K [0x0000000600c00000, 0x0000000800000000)
  region size 4096K, 11 young (45056K), 11 survivors (45056K)
 Metaspace       used 39154K, committed 39488K, reserved 1089536K
  class space    used 4954K, committed 5120K, reserved 1048576K
GC Heap History (20 events):
Event: 2.270 GC heap after
{Heap after GC invocations=12 (full 0):
 garbage-first heap   total 110592K, used 44532K [0x0000000600c00000, 0x0000000800000000)
  region size 4096K, 2 young (8192K), 2 survivors (8192K)
 Metaspace       used 37782K, committed 38080K, reserved 1089536K
  class space    used 4777K, committed 4928K, reserved 1048576K
}
Event: 2.318 GC heap before
{Heap before GC invocations=12 (full 0):
 garbage-first heap   total 110592K, used 73204K [0x0000000600c00000, 0x0000000800000000)
  region size 4096K, 9 young (36864K), 2 survivors (8192K)
 Metaspace       used 38427K, committed 38784K, reserved 1089536K
  class space    used 4844K, committed 5056K, reserved 1048576K
}
Event: 2.321 GC heap after
{Heap after GC invocations=13 (full 0):
 garbage-first heap   total 110592K, used 49874K [0x0000000600c00000, 0x0000000800000000)
  region size 4096K, 2 young (8192K), 2 survivors (8192K)
 Metaspace       used 38427K, committed 38784K, reserved 1089536K
  class space    used 4844K, committed 5056K, reserved 1048576K
}
Event: 2.477 GC heap before
{Heap before GC invocations=13 (full 0):
 garbage-first heap   total 110592K, used 70354K [0x0000000600c00000, 0x0000000800000000)
  region size 4096K, 8 young (32768K), 2 survivors (8192K)
 Metaspace       used 38822K, committed 39232K, reserved 1089536K
  class space    used 4922K, committed 5120K, reserved 1048576K
}
Event: 2.480 GC heap after
{Heap after GC invocations=14 (full 0):
 garbage-first heap   total 319488K, used 54239K [0x0000000600c00000, 0x0000000800000000)
  region size 4096K, 1 young (4096K), 1 survivors (4096K)
 Metaspace       used 38822K, committed 39232K, reserved 1089536K
  class space    used 4922K, committed 5120K, reserved 1048576K
}
Event: 2.565 GC heap before
{Heap before GC invocations=14 (full 0):
 garbage-first heap   total 319488K, used 209887K [0x0000000600c00000, 0x0000000800000000)
  region size 4096K, 40 young (163840K), 1 survivors (4096K)
 Metaspace       used 38918K, committed 39296K, reserved 1089536K
  class space    used 4930K, committed 5120K, reserved 1048576K
}
Event: 2.575 GC heap after
{Heap after GC invocations=15 (full 0):
 garbage-first heap   total 319488K, used 68645K [0x0000000600c00000, 0x0000000800000000)
  region size 4096K, 5 young (20480K), 5 survivors (20480K)
 Metaspace       used 38918K, committed 39296K, reserved 1089536K
  class space    used 4930K, committed 5120K, reserved 1048576K
}
Event: 2.600 GC heap before
{Heap before GC invocations=15 (full 0):
 garbage-first heap   total 319488K, used 212005K [0x0000000600c00000, 0x0000000800000000)
  region size 4096K, 41 young (167936K), 5 survivors (20480K)
 Metaspace       used 39023K, committed 39360K, reserved 1089536K
  class space    used 4945K, committed 5120K, reserved 1048576K
}
Event: 2.608 GC heap after
{Heap after GC invocations=16 (full 0):
 garbage-first heap   total 319488K, used 74802K [0x0000000600c00000, 0x0000000800000000)
  region size 4096K, 2 young (8192K), 2 survivors (8192K)
 Metaspace       used 39023K, committed 39360K, reserved 1089536K
  class space    used 4945K, committed 5120K, reserved 1048576K
}
Event: 2.623 GC heap before
{Heap before GC invocations=16 (full 0):
 garbage-first heap   total 319488K, used 222258K [0x0000000600c00000, 0x0000000800000000)
  region size 4096K, 39 young (159744K), 2 survivors (8192K)
 Metaspace       used 39023K, committed 39360K, reserved 1089536K
  class space    used 4945K, committed 5120K, reserved 1048576K
}
Event: 2.626 GC heap after
{Heap after GC invocations=17 (full 0):
 garbage-first heap   total 319488K, used 80874K [0x0000000600c00000, 0x0000000800000000)
  region size 4096K, 3 young (12288K), 3 survivors (12288K)
 Metaspace       used 39023K, committed 39360K, reserved 1089536K
  class space    used 4945K, committed 5120K, reserved 1048576K
}
Event: 2.643 GC heap before
{Heap before GC invocations=17 (full 0):
 garbage-first heap   total 319488K, used 232426K [0x0000000600c00000, 0x0000000800000000)
  region size 4096K, 41 young (167936K), 3 survivors (12288K)
 Metaspace       used 39023K, committed 39360K, reserved 1089536K
  class space    used 4945K, committed 5120K, reserved 1048576K
}
Event: 2.649 GC heap after
{Heap after GC invocations=18 (full 0):
 garbage-first heap   total 651264K, used 87346K [0x0000000600c00000, 0x0000000800000000)
  region size 4096K, 5 young (20480K), 5 survivors (20480K)
 Metaspace       used 39023K, committed 39360K, reserved 1089536K
  class space    used 4945K, committed 5120K, reserved 1048576K
}
Event: 2.706 GC heap before
{Heap before GC invocations=18 (full 0):
 garbage-first heap   total 651264K, used 427314K [0x0000000600c00000, 0x0000000800000000)
  region size 4096K, 89 young (364544K), 5 survivors (20480K)
 Metaspace       used 39023K, committed 39360K, reserved 1089536K
  class space    used 4945K, committed 5120K, reserved 1048576K
}
Event: 2.713 GC heap after
{Heap after GC invocations=19 (full 0):
 garbage-first heap   total 651264K, used 100455K [0x0000000600c00000, 0x0000000800000000)
  region size 4096K, 8 young (32768K), 8 survivors (32768K)
 Metaspace       used 39023K, committed 39360K, reserved 1089536K
  class space    used 4945K, committed 5120K, reserved 1048576K
}
Event: 2.751 GC heap before
{Heap before GC invocations=19 (full 0):
 garbage-first heap   total 651264K, used 452711K [0x0000000600c00000, 0x0000000800000000)
  region size 4096K, 95 young (389120K), 8 survivors (32768K)
 Metaspace       used 39023K, committed 39360K, reserved 1089536K
  class space    used 4945K, committed 5120K, reserved 1048576K
}
Event: 2.761 GC heap after
{Heap after GC invocations=20 (full 0):
 garbage-first heap   total 651264K, used 116800K [0x0000000600c00000, 0x0000000800000000)
  region size 4096K, 9 young (36864K), 9 survivors (36864K)
 Metaspace       used 39023K, committed 39360K, reserved 1089536K
  class space    used 4945K, committed 5120K, reserved 1048576K
}
Event: 2.913 GC heap before
{Heap before GC invocations=20 (full 0):
 garbage-first heap   total 651264K, used 464960K [0x0000000600c00000, 0x0000000800000000)
  region size 4096K, 95 young (389120K), 9 survivors (36864K)
 Metaspace       used 39153K, committed 39488K, reserved 1089536K
  class space    used 4954K, committed 5120K, reserved 1048576K
}
Event: 2.924 GC heap after
{Heap after GC invocations=21 (full 0):
 garbage-first heap   total 651264K, used 139861K [0x0000000600c00000, 0x0000000800000000)
  region size 4096K, 10 young (40960K), 10 survivors (40960K)
 Metaspace       used 39153K, committed 39488K, reserved 1089536K
  class space    used 4954K, committed 5120K, reserved 1048576K
}
Event: 3.235 GC heap before
{Heap before GC invocations=21 (full 0):
 garbage-first heap   total 651264K, used 483925K [0x0000000600c00000, 0x0000000800000000)
  region size 4096K, 95 young (389120K), 10 survivors (40960K)
 Metaspace       used 39154K, committed 39488K, reserved 1089536K
  class space    used 4954K, committed 5120K, reserved 1048576K
}

