# JRE version: OpenJDK Runtime Environment Temurin-17.0.4.1+1 (17.0.4.1+1) (build 17.0.4.1+1)
# Java VM: OpenJDK 64-Bit Server VM Temurin-17.0.4.1+1 (17.0.4.1+1, mixed mode, emulated-client, tiered, compressed oops, compressed class ptrs, g1 gc, windows-amd64)
GC Precious Log:
 CPUs: 8 total, 8 available
 Memory: 32709M
 Large Page Support: Disabled
 NUMA Support: Disabled
 Compressed Oops: Enabled (Zero based)
 Heap Region Size: 4M
 Heap Min Capacity: 8M
 Heap Initial Capacity: 512M
 Heap Max Capacity: 8180M
 Pre-touch: Disabled
 Parallel Workers: 8
 Concurrent Workers: 2
 Concurrent Refinement Workers: 8
 Periodic GC: Disabled
Heap:
 garbage-first heap   total 970752K, used 224443K [0x0000000600c00000, 0x0000000800000000)
  region size 4096K, 14 young (57344K), 14 survivors (57344K)
 Metaspace       used 39225K, committed 39616K, reserved 1089536K
  class space    used 4971K, committed 5184K, reserved 1048576K
GC Heap History (20 events):
Event: 7.307 GC heap after
{Heap after GC invocations=19 (full 0):
 garbage-first heap   total 151552K, used 69521K [0x0000000600c00000, 0x0000000800000000)
  region size 4096K, 1 young (4096K), 1 survivors (4096K)
 Metaspace       used 38933K, committed 39296K, reserved 1089536K
  class space    used 4930K, committed 5120K, reserved 1048576K
}
Event: 7.314 GC heap before
{Heap before GC invocations=19 (full 0):
 garbage-first heap   total 151552K, used 102289K [0x0000000600c00000, 0x0000000800000000)
  region size 4096K, 10 young (40960K), 1 survivors (4096K)
 Metaspace       used 39023K, committed 39424K, reserved 1089536K
  class space    used 4942K, committed 5120K, reserved 1048576K
}
Event: 7.315 GC heap after
{Heap after GC invocations=20 (full 0):
 garbage-first heap   total 360448K, used 70291K [0x0000000600c00000, 0x0000000800000000)
  region size 4096K, 1 young (4096K), 1 survivors (4096K)
 Metaspace       used 39023K, committed 39424K, reserved 1089536K
  class space    used 4942K, committed 5120K, reserved 1048576K
}
Event: 7.358 GC heap before
{Heap before GC invocations=20 (full 0):
 garbage-first heap   total 389120K, used 225939K [0x0000000600c00000, 0x0000000800000000)
  region size 4096K, 40 young (163840K), 1 survivors (4096K)
 Metaspace       used 39023K, committed 39424K, reserved 1089536K
  class space    used 4942K, committed 5120K, reserved 1048576K
}
Event: 7.361 GC heap after
{Heap after GC invocations=21 (full 0):
 garbage-first heap   total 389120K, used 76989K [0x0000000600c00000, 0x0000000800000000)
  region size 4096K, 3 young (12288K), 3 survivors (12288K)
 Metaspace       used 39023K, committed 39424K, reserved 1089536K
  class space    used 4942K, committed 5120K, reserved 1048576K
}
Event: 7.392 GC heap before
{Heap before GC invocations=22 (full 0):
 garbage-first heap   total 389120K, used 273597K [0x0000000600c00000, 0x0000000800000000)
  region size 4096K, 52 young (212992K), 3 survivors (12288K)
 Metaspace       used 39029K, committed 39424K, reserved 1089536K
  class space    used 4944K, committed 5120K, reserved 1048576K
}
Event: 7.397 GC heap after
{Heap after GC invocations=23 (full 0):
 garbage-first heap   total 389120K, used 84614K [0x0000000600c00000, 0x0000000800000000)
  region size 4096K, 5 young (20480K), 5 survivors (20480K)
 Metaspace       used 39029K, committed 39424K, reserved 1089536K
  class space    used 4944K, committed 5120K, reserved 1048576K
}
Event: 7.425 GC heap before
{Heap before GC invocations=23 (full 0):
 garbage-first heap   total 389120K, used 285318K [0x0000000600c00000, 0x0000000800000000)
  region size 4096K, 55 young (225280K), 5 survivors (20480K)
 Metaspace       used 39063K, committed 39424K, reserved 1089536K
  class space    used 4956K, committed 5120K, reserved 1048576K
}
Event: 7.432 GC heap after
{Heap after GC invocations=24 (full 0):
 garbage-first heap   total 389120K, used 93461K [0x0000000600c00000, 0x0000000800000000)
  region size 4096K, 6 young (24576K), 6 survivors (24576K)
 Metaspace       used 39063K, committed 39424K, reserved 1089536K
  class space    used 4956K, committed 5120K, reserved 1048576K
}
Event: 7.459 GC heap before
{Heap before GC invocations=24 (full 0):
 garbage-first heap   total 389120K, used 294165K [0x0000000600c00000, 0x0000000800000000)
  region size 4096K, 56 young (229376K), 6 survivors (24576K)
 Metaspace       used 39063K, committed 39424K, reserved 1089536K
  class space    used 4956K, committed 5120K, reserved 1048576K
}
Event: 7.466 GC heap after
{Heap after GC invocations=25 (full 0):
 garbage-first heap   total 389120K, used 102146K [0x0000000600c00000, 0x0000000800000000)
  region size 4096K, 5 young (20480K), 5 survivors (20480K)
 Metaspace       used 39063K, committed 39424K, reserved 1089536K
  class space    used 4956K, committed 5120K, reserved 1048576K
}
Event: 7.499 GC heap before
{Heap before GC invocations=25 (full 0):
 garbage-first heap   total 389120K, used 298754K [0x0000000600c00000, 0x0000000800000000)
  region size 4096K, 54 young (221184K), 5 survivors (20480K)
 Metaspace       used 39063K, committed 39424K, reserved 1089536K
  class space    used 4956K, committed 5120K, reserved 1048576K
}
Event: 7.506 GC heap after
{Heap after GC invocations=26 (full 0):
 garbage-first heap   total 970752K, used 109528K [0x0000000600c00000, 0x0000000800000000)
  region size 4096K, 5 young (20480K), 5 survivors (20480K)
 Metaspace       used 39063K, committed 39424K, reserved 1089536K
  class space    used 4956K, committed 5120K, reserved 1048576K
}
Event: 7.756 GC heap before
{Heap before GC invocations=26 (full 0):
 garbage-first heap   total 970752K, used 666584K [0x0000000600c00000, 0x0000000800000000)
  region size 4096K, 142 young (581632K), 5 survivors (20480K)
 Metaspace       used 39190K, committed 39552K, reserved 1089536K
  class space    used 4964K, committed 5120K, reserved 1048576K
}
Event: 7.766 GC heap after
{Heap after GC invocations=27 (full 0):
 garbage-first heap   total 970752K, used 140937K [0x0000000600c00000, 0x0000000800000000)
  region size 4096K, 12 young (49152K), 12 survivors (49152K)
 Metaspace       used 39190K, committed 39552K, reserved 1089536K
  class space    used 4964K, committed 5120K, reserved 1048576K
}
Event: 8.345 GC heap before
{Heap before GC invocations=27 (full 0):
 garbage-first heap   total 970752K, used 669321K [0x0000000600c00000, 0x0000000800000000)
  region size 4096K, 142 young (581632K), 12 survivors (49152K)
 Metaspace       used 39190K, committed 39552K, reserved 1089536K
  class space    used 4964K, committed 5120K, reserved 1048576K
}
Event: 8.362 GC heap after
{Heap after GC invocations=28 (full 0):
 garbage-first heap   total 970752K, used 167256K [0x0000000600c00000, 0x0000000800000000)
  region size 4096K, 15 young (61440K), 15 survivors (61440K)
 Metaspace       used 39190K, committed 39552K, reserved 1089536K
  class space    used 4964K, committed 5120K, reserved 1048576K
}
Event: 8.878 GC heap before
{Heap before GC invocations=28 (full 0):
 garbage-first heap   total 970752K, used 683352K [0x0000000600c00000, 0x0000000800000000)
  region size 4096K, 142 young (581632K), 15 survivors (61440K)
 Metaspace       used 39190K, committed 39552K, reserved 1089536K
  class space    used 4964K, committed 5120K, reserved 1048576K
}
Event: 8.895 GC heap after
{Heap after GC invocations=29 (full 0):
 garbage-first heap   total 970752K, used 195717K [0x0000000600c00000, 0x0000000800000000)
  region size 4096K, 14 young (57344K), 14 survivors (57344K)
 Metaspace       used 39190K, committed 39552K, reserved 1089536K
  class space    used 4964K, committed 5120K, reserved 1048576K
}
Event: 9.562 GC heap before
{Heap before GC invocations=29 (full 0):
 garbage-first heap   total 970752K, used 715909K [0x0000000600c00000, 0x0000000800000000)
  region size 4096K, 142 young (581632K), 14 survivors (57344K)
 Metaspace       used 39225K, committed 39616K, reserved 1089536K
  class space    used 4971K, committed 5184K, reserved 1048576K
}

