# JRE version: OpenJDK Runtime Environment Temurin-17.0.4.1+1 (17.0.4.1+1) (build 17.0.4.1+1)
# Java VM: OpenJDK 64-Bit Server VM Temurin-17.0.4.1+1 (17.0.4.1+1, mixed mode, emulated-client, tiered, compressed oops, compressed class ptrs, g1 gc, windows-amd64)
GC Precious Log:
 CPUs: 8 total, 8 available
 Memory: 32709M
 Large Page Support: Disabled
 NUMA Support: Disabled
 Compressed Oops: Enabled (Zero based)
 Heap Region Size: 4M
 Heap Min Capacity: 8M
 Heap Initial Capacity: 512M
 Heap Max Capacity: 8180M
 Pre-touch: Disabled
 Parallel Workers: 8
 Concurrent Workers: 2
 Concurrent Refinement Workers: 8
 Periodic GC: Disabled
Heap:
 garbage-first heap   total 618496K, used 142307K [0x0000000600c00000, 0x0000000800000000)
  region size 4096K, 10 young (40960K), 10 survivors (40960K)
 Metaspace       used 39151K, committed 39488K, reserved 1089536K
  class space    used 4952K, committed 5120K, reserved 1048576K
GC Heap History (20 events):
Event: 2.437 GC heap after
{Heap after GC invocations=10 (full 0):
 garbage-first heap   total 57344K, used 22435K [0x0000000600c00000, 0x0000000800000000)
  region size 4096K, 1 young (4096K), 1 survivors (4096K)
 Metaspace       used 35943K, committed 36288K, reserved 1081344K
  class space    used 4629K, committed 4800K, reserved 1048576K
}
Event: 2.471 GC heap before
{Heap before GC invocations=11 (full 0):
 garbage-first heap   total 57344K, used 34723K [0x0000000600c00000, 0x0000000800000000)
  region size 4096K, 4 young (16384K), 1 survivors (4096K)
 Metaspace       used 36177K, committed 36544K, reserved 1081344K
  class space    used 4651K, committed 4800K, reserved 1048576K
}
Event: 2.472 GC heap after
{Heap after GC invocations=12 (full 0):
 garbage-first heap   total 57344K, used 24121K [0x0000000600c00000, 0x0000000800000000)
  region size 4096K, 1 young (4096K), 1 survivors (4096K)
 Metaspace       used 36177K, committed 36544K, reserved 1081344K
  class space    used 4651K, committed 4800K, reserved 1048576K
}
Event: 2.500 GC heap before
{Heap before GC invocations=12 (full 0):
 garbage-first heap   total 57344K, used 32313K [0x0000000600c00000, 0x0000000800000000)
  region size 4096K, 4 young (16384K), 1 survivors (4096K)
 Metaspace       used 36360K, committed 36736K, reserved 1081344K
  class space    used 4672K, committed 4864K, reserved 1048576K
}
Event: 2.502 GC heap after
{Heap after GC invocations=13 (full 0):
 garbage-first heap   total 290816K, used 26749K [0x0000000600c00000, 0x0000000800000000)
  region size 4096K, 1 young (4096K), 1 survivors (4096K)
 Metaspace       used 36360K, committed 36736K, reserved 1081344K
  class space    used 4672K, committed 4864K, reserved 1048576K
}
Event: 2.830 GC heap before
{Heap before GC invocations=13 (full 0):
 garbage-first heap   total 290816K, used 186493K [0x0000000600c00000, 0x0000000800000000)
  region size 4096K, 41 young (167936K), 1 survivors (4096K)
 Metaspace       used 38910K, committed 39296K, reserved 1089536K
  class space    used 4930K, committed 5120K, reserved 1048576K
}
Event: 2.848 GC heap after
{Heap after GC invocations=14 (full 0):
 garbage-first heap   total 290816K, used 61675K [0x0000000600c00000, 0x0000000800000000)
  region size 4096K, 6 young (24576K), 6 survivors (24576K)
 Metaspace       used 38910K, committed 39296K, reserved 1089536K
  class space    used 4930K, committed 5120K, reserved 1048576K
}
Event: 2.864 GC heap before
{Heap before GC invocations=14 (full 0):
 garbage-first heap   total 290816K, used 155883K [0x0000000600c00000, 0x0000000800000000)
  region size 4096K, 30 young (122880K), 6 survivors (24576K)
 Metaspace       used 38978K, committed 39360K, reserved 1089536K
  class space    used 4940K, committed 5120K, reserved 1048576K
}
Event: 2.871 GC heap after
{Heap after GC invocations=15 (full 0):
 garbage-first heap   total 290816K, used 67696K [0x0000000600c00000, 0x0000000800000000)
  region size 4096K, 2 young (8192K), 2 survivors (8192K)
 Metaspace       used 38978K, committed 39360K, reserved 1089536K
  class space    used 4940K, committed 5120K, reserved 1048576K
}
Event: 2.884 GC heap before
{Heap before GC invocations=15 (full 0):
 garbage-first heap   total 290816K, used 174192K [0x0000000600c00000, 0x0000000800000000)
  region size 4096K, 29 young (118784K), 2 survivors (8192K)
 Metaspace       used 39020K, committed 39360K, reserved 1089536K
  class space    used 4943K, committed 5120K, reserved 1048576K
}
Event: 2.887 GC heap after
{Heap after GC invocations=16 (full 0):
 garbage-first heap   total 290816K, used 71833K [0x0000000600c00000, 0x0000000800000000)
  region size 4096K, 3 young (12288K), 3 survivors (12288K)
 Metaspace       used 39020K, committed 39360K, reserved 1089536K
  class space    used 4943K, committed 5120K, reserved 1048576K
}
Event: 2.903 GC heap before
{Heap before GC invocations=16 (full 0):
 garbage-first heap   total 290816K, used 194713K [0x0000000600c00000, 0x0000000800000000)
  region size 4096K, 34 young (139264K), 3 survivors (12288K)
 Metaspace       used 39020K, committed 39360K, reserved 1089536K
  class space    used 4943K, committed 5120K, reserved 1048576K
}
Event: 2.908 GC heap after
{Heap after GC invocations=17 (full 0):
 garbage-first heap   total 618496K, used 76391K [0x0000000600c00000, 0x0000000800000000)
  region size 4096K, 4 young (16384K), 4 survivors (16384K)
 Metaspace       used 39020K, committed 39360K, reserved 1089536K
  class space    used 4943K, committed 5120K, reserved 1048576K
}
Event: 2.972 GC heap before
{Heap before GC invocations=17 (full 0):
 garbage-first heap   total 618496K, used 424551K [0x0000000600c00000, 0x0000000800000000)
  region size 4096K, 90 young (368640K), 4 survivors (16384K)
 Metaspace       used 39021K, committed 39360K, reserved 1089536K
  class space    used 4944K, committed 5120K, reserved 1048576K
}
Event: 2.979 GC heap after
{Heap after GC invocations=18 (full 0):
 garbage-first heap   total 618496K, used 91096K [0x0000000600c00000, 0x0000000800000000)
  region size 4096K, 7 young (28672K), 7 survivors (28672K)
 Metaspace       used 39021K, committed 39360K, reserved 1089536K
  class space    used 4944K, committed 5120K, reserved 1048576K
}
Event: 3.018 GC heap before
{Heap before GC invocations=18 (full 0):
 garbage-first heap   total 618496K, used 426968K [0x0000000600c00000, 0x0000000800000000)
  region size 4096K, 90 young (368640K), 7 survivors (28672K)
 Metaspace       used 39021K, committed 39360K, reserved 1089536K
  class space    used 4944K, committed 5120K, reserved 1048576K
}
Event: 3.027 GC heap after
{Heap after GC invocations=19 (full 0):
 garbage-first heap   total 618496K, used 102876K [0x0000000600c00000, 0x0000000800000000)
  region size 4096K, 9 young (36864K), 9 survivors (36864K)
 Metaspace       used 39021K, committed 39360K, reserved 1089536K
  class space    used 4944K, committed 5120K, reserved 1048576K
}
Event: 3.066 GC heap before
{Heap before GC invocations=19 (full 0):
 garbage-first heap   total 618496K, used 430556K [0x0000000600c00000, 0x0000000800000000)
  region size 4096K, 90 young (368640K), 9 survivors (36864K)
 Metaspace       used 39021K, committed 39360K, reserved 1089536K
  class space    used 4944K, committed 5120K, reserved 1048576K
}
Event: 3.079 GC heap after
{Heap after GC invocations=20 (full 0):
 garbage-first heap   total 618496K, used 124966K [0x0000000600c00000, 0x0000000800000000)
  region size 4096K, 9 young (36864K), 9 survivors (36864K)
 Metaspace       used 39021K, committed 39360K, reserved 1089536K
  class space    used 4944K, committed 5120K, reserved 1048576K
}
Event: 3.295 GC heap before
{Heap before GC invocations=20 (full 0):
 garbage-first heap   total 618496K, used 452646K [0x0000000600c00000, 0x0000000800000000)
  region size 4096K, 90 young (368640K), 9 survivors (36864K)
 Metaspace       used 39151K, committed 39488K, reserved 1089536K
  class space    used 4952K, committed 5120K, reserved 1048576K
}

