# JRE version: OpenJDK Runtime Environment Temurin-17.0.4.1+1 (17.0.4.1+1) (build 17.0.4.1+1)
# Java VM: OpenJDK 64-Bit Server VM Temurin-17.0.4.1+1 (17.0.4.1+1, mixed mode, emulated-client, tiered, compressed oops, compressed class ptrs, g1 gc, windows-amd64)
GC Precious Log:
 CPUs: 8 total, 8 available
 Memory: 32709M
 Large Page Support: Disabled
 NUMA Support: Disabled
 Compressed Oops: Enabled (Zero based)
 Heap Region Size: 4M
 Heap Min Capacity: 8M
 Heap Initial Capacity: 512M
 Heap Max Capacity: 8180M
 Pre-touch: Disabled
 Parallel Workers: 8
 Concurrent Workers: 2
 Concurrent Refinement Workers: 8
 Periodic GC: Disabled
Heap:
 garbage-first heap   total 647168K, used 144056K [0x0000000600c00000, 0x0000000800000000)
  region size 4096K, 10 young (40960K), 10 survivors (40960K)
 Metaspace       used 39181K, committed 39552K, reserved 1089536K
  class space    used 4958K, committed 5120K, reserved 1048576K
GC Heap History (20 events):
Event: 3.391 GC heap after
{Heap after GC invocations=11 (full 0):
 garbage-first heap   total 57344K, used 22623K [0x0000000600c00000, 0x0000000800000000)
  region size 4096K, 1 young (4096K), 1 survivors (4096K)
 Metaspace       used 36172K, committed 36544K, reserved 1081344K
  class space    used 4653K, committed 4800K, reserved 1048576K
}
Event: 3.438 GC heap before
{Heap before GC invocations=11 (full 0):
 garbage-first heap   total 57344K, used 30815K [0x0000000600c00000, 0x0000000800000000)
  region size 4096K, 5 young (20480K), 1 survivors (4096K)
 Metaspace       used 36706K, committed 37056K, reserved 1081344K
  class space    used 4708K, committed 4864K, reserved 1048576K
}
Event: 3.440 GC heap after
{Heap after GC invocations=12 (full 0):
 garbage-first heap   total 57344K, used 24790K [0x0000000600c00000, 0x0000000800000000)
  region size 4096K, 1 young (4096K), 1 survivors (4096K)
 Metaspace       used 36706K, committed 37056K, reserved 1081344K
  class space    used 4708K, committed 4864K, reserved 1048576K
}
Event: 3.475 GC heap before
{Heap before GC invocations=12 (full 0):
 garbage-first heap   total 57344K, used 37078K [0x0000000600c00000, 0x0000000800000000)
  region size 4096K, 4 young (16384K), 1 survivors (4096K)
 Metaspace       used 37260K, committed 37568K, reserved 1089536K
  class space    used 4733K, committed 4864K, reserved 1048576K
}
Event: 3.477 GC heap after
{Heap after GC invocations=13 (full 0):
 garbage-first heap   total 290816K, used 26784K [0x0000000600c00000, 0x0000000800000000)
  region size 4096K, 1 young (4096K), 1 survivors (4096K)
 Metaspace       used 37260K, committed 37568K, reserved 1089536K
  class space    used 4733K, committed 4864K, reserved 1048576K
}
Event: 3.874 GC heap before
{Heap before GC invocations=13 (full 0):
 garbage-first heap   total 290816K, used 186528K [0x0000000600c00000, 0x0000000800000000)
  region size 4096K, 41 young (167936K), 1 survivors (4096K)
 Metaspace       used 38942K, committed 39296K, reserved 1089536K
  class space    used 4936K, committed 5120K, reserved 1048576K
}
Event: 3.891 GC heap after
{Heap after GC invocations=14 (full 0):
 garbage-first heap   total 290816K, used 61537K [0x0000000600c00000, 0x0000000800000000)
  region size 4096K, 6 young (24576K), 6 survivors (24576K)
 Metaspace       used 38942K, committed 39296K, reserved 1089536K
  class space    used 4936K, committed 5120K, reserved 1048576K
}
Event: 3.904 GC heap before
{Heap before GC invocations=14 (full 0):
 garbage-first heap   total 290816K, used 151649K [0x0000000600c00000, 0x0000000800000000)
  region size 4096K, 29 young (118784K), 6 survivors (24576K)
 Metaspace       used 39050K, committed 39424K, reserved 1089536K
  class space    used 4949K, committed 5120K, reserved 1048576K
}
Event: 3.912 GC heap after
{Heap after GC invocations=15 (full 0):
 garbage-first heap   total 290816K, used 67353K [0x0000000600c00000, 0x0000000800000000)
  region size 4096K, 2 young (8192K), 2 survivors (8192K)
 Metaspace       used 39050K, committed 39424K, reserved 1089536K
  class space    used 4949K, committed 5120K, reserved 1048576K
}
Event: 3.923 GC heap before
{Heap before GC invocations=15 (full 0):
 garbage-first heap   total 290816K, used 169753K [0x0000000600c00000, 0x0000000800000000)
  region size 4096K, 28 young (114688K), 2 survivors (8192K)
 Metaspace       used 39050K, committed 39424K, reserved 1089536K
  class space    used 4949K, committed 5120K, reserved 1048576K
}
Event: 3.926 GC heap after
{Heap after GC invocations=16 (full 0):
 garbage-first heap   total 290816K, used 70918K [0x0000000600c00000, 0x0000000800000000)
  region size 4096K, 3 young (12288K), 3 survivors (12288K)
 Metaspace       used 39050K, committed 39424K, reserved 1089536K
  class space    used 4949K, committed 5120K, reserved 1048576K
}
Event: 3.941 GC heap before
{Heap before GC invocations=16 (full 0):
 garbage-first heap   total 290816K, used 189702K [0x0000000600c00000, 0x0000000800000000)
  region size 4096K, 33 young (135168K), 3 survivors (12288K)
 Metaspace       used 39050K, committed 39424K, reserved 1089536K
  class space    used 4949K, committed 5120K, reserved 1048576K
}
Event: 3.946 GC heap after
{Heap after GC invocations=17 (full 0):
 garbage-first heap   total 647168K, used 75802K [0x0000000600c00000, 0x0000000800000000)
  region size 4096K, 4 young (16384K), 4 survivors (16384K)
 Metaspace       used 39050K, committed 39424K, reserved 1089536K
  class space    used 4949K, committed 5120K, reserved 1048576K
}
Event: 4.013 GC heap before
{Heap before GC invocations=17 (full 0):
 garbage-first heap   total 647168K, used 440346K [0x0000000600c00000, 0x0000000800000000)
  region size 4096K, 95 young (389120K), 4 survivors (16384K)
 Metaspace       used 39051K, committed 39424K, reserved 1089536K
  class space    used 4950K, committed 5120K, reserved 1048576K
}
Event: 4.020 GC heap after
{Heap after GC invocations=18 (full 0):
 garbage-first heap   total 647168K, used 90591K [0x0000000600c00000, 0x0000000800000000)
  region size 4096K, 7 young (28672K), 7 survivors (28672K)
 Metaspace       used 39051K, committed 39424K, reserved 1089536K
  class space    used 4950K, committed 5120K, reserved 1048576K
}
Event: 4.063 GC heap before
{Heap before GC invocations=18 (full 0):
 garbage-first heap   total 647168K, used 442847K [0x0000000600c00000, 0x0000000800000000)
  region size 4096K, 95 young (389120K), 7 survivors (28672K)
 Metaspace       used 39051K, committed 39424K, reserved 1089536K
  class space    used 4950K, committed 5120K, reserved 1048576K
}
Event: 4.073 GC heap after
{Heap after GC invocations=19 (full 0):
 garbage-first heap   total 647168K, used 104634K [0x0000000600c00000, 0x0000000800000000)
  region size 4096K, 10 young (40960K), 10 survivors (40960K)
 Metaspace       used 39051K, committed 39424K, reserved 1089536K
  class space    used 4950K, committed 5120K, reserved 1048576K
}
Event: 4.111 GC heap before
{Heap before GC invocations=19 (full 0):
 garbage-first heap   total 647168K, used 444602K [0x0000000600c00000, 0x0000000800000000)
  region size 4096K, 95 young (389120K), 10 survivors (40960K)
 Metaspace       used 39051K, committed 39424K, reserved 1089536K
  class space    used 4950K, committed 5120K, reserved 1048576K
}
Event: 4.124 GC heap after
{Heap after GC invocations=20 (full 0):
 garbage-first heap   total 647168K, used 125500K [0x0000000600c00000, 0x0000000800000000)
  region size 4096K, 9 young (36864K), 9 survivors (36864K)
 Metaspace       used 39051K, committed 39424K, reserved 1089536K
  class space    used 4950K, committed 5120K, reserved 1048576K
}
Event: 4.416 GC heap before
{Heap before GC invocations=20 (full 0):
 garbage-first heap   total 647168K, used 469564K [0x0000000600c00000, 0x0000000800000000)
  region size 4096K, 94 young (385024K), 9 survivors (36864K)
 Metaspace       used 39181K, committed 39552K, reserved 1089536K
  class space    used 4958K, committed 5120K, reserved 1048576K
}

