# JRE version: OpenJDK Runtime Environment Temurin-17.0.4.1+1 (17.0.4.1+1) (build 17.0.4.1+1)
# Java VM: OpenJDK 64-Bit Server VM Temurin-17.0.4.1+1 (17.0.4.1+1, mixed mode, emulated-client, tiered, compressed oops, compressed class ptrs, g1 gc, windows-amd64)
GC Precious Log:
 CPUs: 8 total, 8 available
 Memory: 32709M
 Large Page Support: Disabled
 NUMA Support: Disabled
 Compressed Oops: Enabled (Zero based)
 Heap Region Size: 4M
 Heap Min Capacity: 8M
 Heap Initial Capacity: 512M
 Heap Max Capacity: 8180M
 Pre-touch: Disabled
 Parallel Workers: 8
 Concurrent Workers: 2
 Concurrent Refinement Workers: 8
 Periodic GC: Disabled
Heap:
 garbage-first heap   total 524288K, used 75417K [0x0000000600c00000, 0x0000000800000000)
  region size 4096K, 4 young (16384K), 4 survivors (16384K)
 Metaspace       used 39021K, committed 39360K, reserved 1089536K
  class space    used 4943K, committed 5120K, reserved 1048576K
GC Heap History (20 events):
Event: 8.836 GC heap after
{Heap after GC invocations=6 (full 0):
 garbage-first heap   total 57344K, used 16012K [0x0000000600c00000, 0x0000000800000000)
  region size 4096K, 1 young (4096K), 1 survivors (4096K)
 Metaspace       used 28116K, committed 28416K, reserved 1081344K
  class space    used 3513K, committed 3648K, reserved 1048576K
}
Event: 9.048 GC heap before
{Heap before GC invocations=6 (full 0):
 garbage-first heap   total 57344K, used 32396K [0x0000000600c00000, 0x0000000800000000)
  region size 4096K, 5 young (20480K), 1 survivors (4096K)
 Metaspace       used 31244K, committed 31552K, reserved 1081344K
  class space    used 3941K, committed 4096K, reserved 1048576K
}
Event: 9.053 GC heap after
{Heap after GC invocations=7 (full 0):
 garbage-first heap   total 57344K, used 17278K [0x0000000600c00000, 0x0000000800000000)
  region size 4096K, 1 young (4096K), 1 survivors (4096K)
 Metaspace       used 31244K, committed 31552K, reserved 1081344K
  class space    used 3941K, committed 4096K, reserved 1048576K
}
Event: 9.260 GC heap before
{Heap before GC invocations=7 (full 0):
 garbage-first heap   total 57344K, used 33662K [0x0000000600c00000, 0x0000000800000000)
  region size 4096K, 5 young (20480K), 1 survivors (4096K)
 Metaspace       used 34252K, committed 34496K, reserved 1081344K
  class space    used 4386K, committed 4480K, reserved 1048576K
}
Event: 9.263 GC heap after
{Heap after GC invocations=8 (full 0):
 garbage-first heap   total 57344K, used 18340K [0x0000000600c00000, 0x0000000800000000)
  region size 4096K, 1 young (4096K), 1 survivors (4096K)
 Metaspace       used 34252K, committed 34496K, reserved 1081344K
  class space    used 4386K, committed 4480K, reserved 1048576K
}
Event: 9.333 GC heap before
{Heap before GC invocations=8 (full 0):
 garbage-first heap   total 57344K, used 30628K [0x0000000600c00000, 0x0000000800000000)
  region size 4096K, 5 young (20480K), 1 survivors (4096K)
 Metaspace       used 35586K, committed 35968K, reserved 1081344K
  class space    used 4610K, committed 4800K, reserved 1048576K
}
Event: 9.336 GC heap after
{Heap after GC invocations=9 (full 0):
 garbage-first heap   total 57344K, used 20732K [0x0000000600c00000, 0x0000000800000000)
  region size 4096K, 1 young (4096K), 1 survivors (4096K)
 Metaspace       used 35586K, committed 35968K, reserved 1081344K
  class space    used 4610K, committed 4800K, reserved 1048576K
}
Event: 9.363 GC heap before
{Heap before GC invocations=9 (full 0):
 garbage-first heap   total 57344K, used 33020K [0x0000000600c00000, 0x0000000800000000)
  region size 4096K, 5 young (20480K), 1 survivors (4096K)
 Metaspace       used 35989K, committed 36352K, reserved 1081344K
  class space    used 4625K, committed 4800K, reserved 1048576K
}
Event: 9.365 GC heap after
{Heap after GC invocations=10 (full 0):
 garbage-first heap   total 57344K, used 23183K [0x0000000600c00000, 0x0000000800000000)
  region size 4096K, 1 young (4096K), 1 survivors (4096K)
 Metaspace       used 35989K, committed 36352K, reserved 1081344K
  class space    used 4625K, committed 4800K, reserved 1048576K
}
Event: 9.396 GC heap before
{Heap before GC invocations=11 (full 0):
 garbage-first heap   total 57344K, used 31375K [0x0000000600c00000, 0x0000000800000000)
  region size 4096K, 4 young (16384K), 1 survivors (4096K)
 Metaspace       used 36272K, committed 36608K, reserved 1081344K
  class space    used 4657K, committed 4800K, reserved 1048576K
}
Event: 9.397 GC heap after
{Heap after GC invocations=12 (full 0):
 garbage-first heap   total 57344K, used 25667K [0x0000000600c00000, 0x0000000800000000)
  region size 4096K, 1 young (4096K), 1 survivors (4096K)
 Metaspace       used 36272K, committed 36608K, reserved 1081344K
  class space    used 4657K, committed 4800K, reserved 1048576K
}
Event: 9.409 GC heap before
{Heap before GC invocations=12 (full 0):
 garbage-first heap   total 57344K, used 29763K [0x0000000600c00000, 0x0000000800000000)
  region size 4096K, 2 young (8192K), 1 survivors (4096K)
 Metaspace       used 36425K, committed 36800K, reserved 1081344K
  class space    used 4680K, committed 4864K, reserved 1048576K
}
Event: 9.411 GC heap after
{Heap after GC invocations=13 (full 0):
 garbage-first heap   total 290816K, used 25901K [0x0000000600c00000, 0x0000000800000000)
  region size 4096K, 1 young (4096K), 1 survivors (4096K)
 Metaspace       used 36425K, committed 36800K, reserved 1081344K
  class space    used 4680K, committed 4864K, reserved 1048576K
}
Event: 10.710 GC heap before
{Heap before GC invocations=13 (full 0):
 garbage-first heap   total 290816K, used 185645K [0x0000000600c00000, 0x0000000800000000)
  region size 4096K, 41 young (167936K), 1 survivors (4096K)
 Metaspace       used 38909K, committed 39296K, reserved 1089536K
  class space    used 4930K, committed 5120K, reserved 1048576K
}
Event: 10.729 GC heap after
{Heap after GC invocations=14 (full 0):
 garbage-first heap   total 290816K, used 61049K [0x0000000600c00000, 0x0000000800000000)
  region size 4096K, 6 young (24576K), 6 survivors (24576K)
 Metaspace       used 38909K, committed 39296K, reserved 1089536K
  class space    used 4930K, committed 5120K, reserved 1048576K
}
Event: 10.747 GC heap before
{Heap before GC invocations=14 (full 0):
 garbage-first heap   total 290816K, used 155257K [0x0000000600c00000, 0x0000000800000000)
  region size 4096K, 30 young (122880K), 6 survivors (24576K)
 Metaspace       used 38924K, committed 39296K, reserved 1089536K
  class space    used 4930K, committed 5120K, reserved 1048576K
}
Event: 10.754 GC heap after
{Heap after GC invocations=15 (full 0):
 garbage-first heap   total 290816K, used 66915K [0x0000000600c00000, 0x0000000800000000)
  region size 4096K, 2 young (8192K), 2 survivors (8192K)
 Metaspace       used 38924K, committed 39296K, reserved 1089536K
  class space    used 4930K, committed 5120K, reserved 1048576K
}
Event: 10.771 GC heap before
{Heap before GC invocations=15 (full 0):
 garbage-first heap   total 290816K, used 173411K [0x0000000600c00000, 0x0000000800000000)
  region size 4096K, 29 young (118784K), 2 survivors (8192K)
 Metaspace       used 39021K, committed 39360K, reserved 1089536K
  class space    used 4943K, committed 5120K, reserved 1048576K
}
Event: 10.774 GC heap after
{Heap after GC invocations=16 (full 0):
 garbage-first heap   total 290816K, used 70878K [0x0000000600c00000, 0x0000000800000000)
  region size 4096K, 3 young (12288K), 3 survivors (12288K)
 Metaspace       used 39021K, committed 39360K, reserved 1089536K
  class space    used 4943K, committed 5120K, reserved 1048576K
}
Event: 10.789 GC heap before
{Heap before GC invocations=16 (full 0):
 garbage-first heap   total 290816K, used 189662K [0x0000000600c00000, 0x0000000800000000)
  region size 4096K, 33 young (135168K), 3 survivors (12288K)
 Metaspace       used 39021K, committed 39360K, reserved 1089536K
  class space    used 4943K, committed 5120K, reserved 1048576K
}

