# JRE version: OpenJDK Runtime Environment Temurin-17.0.5+8 (17.0.5+8) (build 17.0.5+8)
# Java VM: OpenJDK 64-Bit Server VM Temurin-17.0.5+8 (17.0.5+8, mixed mode, emulated-client, tiered, compressed oops, compressed class ptrs, g1 gc, windows-amd64)
GC Precious Log:
 CPUs: 8 total, 8 available
 Memory: 32709M
 Large Page Support: Disabled
 NUMA Support: Disabled
 Compressed Oops: Enabled (Zero based)
 Heap Region Size: 4M
 Heap Min Capacity: 8M
 Heap Initial Capacity: 512M
 Heap Max Capacity: 8180M
 Pre-touch: Disabled
 Parallel Workers: 8
 Concurrent Workers: 2
 Concurrent Refinement Workers: 8
 Periodic GC: Disabled
Heap:
 garbage-first heap   total 110592K, used 28811K [0x0000000600c00000, 0x0000000800000000)
  region size 4096K, 1 young (4096K), 0 survivors (0K)
 Metaspace       used 53545K, committed 54016K, reserved 1097728K
  class space    used 7413K, committed 7616K, reserved 1048576K
GC Heap History (20 events):
Event: 20348.027 GC heap before
{Heap before GC invocations=1049 (full 1009):
 garbage-first heap   total 110592K, used 28811K [0x0000000600c00000, 0x0000000800000000)
  region size 4096K, 1 young (4096K), 0 survivors (0K)
 Metaspace       used 53545K, committed 54016K, reserved 1097728K
  class space    used 7413K, committed 7616K, reserved 1048576K
}
Event: 20348.052 GC heap after
{Heap after GC invocations=1050 (full 1010):
 garbage-first heap   total 110592K, used 28811K [0x0000000600c00000, 0x0000000800000000)
  region size 4096K, 0 young (0K), 0 survivors (0K)
 Metaspace       used 53545K, committed 54016K, reserved 1097728K
  class space    used 7413K, committed 7616K, reserved 1048576K
}
Event: 20358.217 GC heap before
{Heap before GC invocations=1050 (full 1010):
 garbage-first heap   total 110592K, used 28811K [0x0000000600c00000, 0x0000000800000000)
  region size 4096K, 1 young (4096K), 0 survivors (0K)
 Metaspace       used 53545K, committed 54016K, reserved 1097728K
  class space    used 7413K, committed 7616K, reserved 1048576K
}
Event: 20358.246 GC heap after
{Heap after GC invocations=1051 (full 1011):
 garbage-first heap   total 110592K, used 28811K [0x0000000600c00000, 0x0000000800000000)
  region size 4096K, 0 young (0K), 0 survivors (0K)
 Metaspace       used 53545K, committed 54016K, reserved 1097728K
  class space    used 7413K, committed 7616K, reserved 1048576K
}
Event: 20368.395 GC heap before
{Heap before GC invocations=1051 (full 1011):
 garbage-first heap   total 110592K, used 28811K [0x0000000600c00000, 0x0000000800000000)
  region size 4096K, 1 young (4096K), 0 survivors (0K)
 Metaspace       used 53545K, committed 54016K, reserved 1097728K
  class space    used 7413K, committed 7616K, reserved 1048576K
}
Event: 20368.422 GC heap after
{Heap after GC invocations=1052 (full 1012):
 garbage-first heap   total 110592K, used 28811K [0x0000000600c00000, 0x0000000800000000)
  region size 4096K, 0 young (0K), 0 survivors (0K)
 Metaspace       used 53545K, committed 54016K, reserved 1097728K
  class space    used 7413K, committed 7616K, reserved 1048576K
}
Event: 20378.584 GC heap before
{Heap before GC invocations=1052 (full 1012):
 garbage-first heap   total 110592K, used 28811K [0x0000000600c00000, 0x0000000800000000)
  region size 4096K, 1 young (4096K), 0 survivors (0K)
 Metaspace       used 53545K, committed 54016K, reserved 1097728K
  class space    used 7413K, committed 7616K, reserved 1048576K
}
Event: 20378.613 GC heap after
{Heap after GC invocations=1053 (full 1013):
 garbage-first heap   total 110592K, used 28811K [0x0000000600c00000, 0x0000000800000000)
  region size 4096K, 0 young (0K), 0 survivors (0K)
 Metaspace       used 53545K, committed 54016K, reserved 1097728K
  class space    used 7413K, committed 7616K, reserved 1048576K
}
Event: 20388.763 GC heap before
{Heap before GC invocations=1053 (full 1013):
 garbage-first heap   total 110592K, used 28811K [0x0000000600c00000, 0x0000000800000000)
  region size 4096K, 1 young (4096K), 0 survivors (0K)
 Metaspace       used 53545K, committed 54016K, reserved 1097728K
  class space    used 7413K, committed 7616K, reserved 1048576K
}
Event: 20388.790 GC heap after
{Heap after GC invocations=1054 (full 1014):
 garbage-first heap   total 110592K, used 28811K [0x0000000600c00000, 0x0000000800000000)
  region size 4096K, 0 young (0K), 0 survivors (0K)
 Metaspace       used 53545K, committed 54016K, reserved 1097728K
  class space    used 7413K, committed 7616K, reserved 1048576K
}
Event: 20398.963 GC heap before
{Heap before GC invocations=1054 (full 1014):
 garbage-first heap   total 110592K, used 28811K [0x0000000600c00000, 0x0000000800000000)
  region size 4096K, 1 young (4096K), 0 survivors (0K)
 Metaspace       used 53545K, committed 54016K, reserved 1097728K
  class space    used 7413K, committed 7616K, reserved 1048576K
}
Event: 20398.991 GC heap after
{Heap after GC invocations=1055 (full 1015):
 garbage-first heap   total 110592K, used 28811K [0x0000000600c00000, 0x0000000800000000)
  region size 4096K, 0 young (0K), 0 survivors (0K)
 Metaspace       used 53545K, committed 54016K, reserved 1097728K
  class space    used 7413K, committed 7616K, reserved 1048576K
}
Event: 20409.480 GC heap before
{Heap before GC invocations=1055 (full 1015):
 garbage-first heap   total 110592K, used 28811K [0x0000000600c00000, 0x0000000800000000)
  region size 4096K, 1 young (4096K), 0 survivors (0K)
 Metaspace       used 53545K, committed 54016K, reserved 1097728K
  class space    used 7413K, committed 7616K, reserved 1048576K
}
Event: 20409.508 GC heap after
{Heap after GC invocations=1056 (full 1016):
 garbage-first heap   total 110592K, used 28811K [0x0000000600c00000, 0x0000000800000000)
  region size 4096K, 0 young (0K), 0 survivors (0K)
 Metaspace       used 53545K, committed 54016K, reserved 1097728K
  class space    used 7413K, committed 7616K, reserved 1048576K
}
Event: 20419.821 GC heap before
{Heap before GC invocations=1056 (full 1016):
 garbage-first heap   total 110592K, used 28811K [0x0000000600c00000, 0x0000000800000000)
  region size 4096K, 1 young (4096K), 0 survivors (0K)
 Metaspace       used 53545K, committed 54016K, reserved 1097728K
  class space    used 7413K, committed 7616K, reserved 1048576K
}
Event: 20419.849 GC heap after
{Heap after GC invocations=1057 (full 1017):
 garbage-first heap   total 110592K, used 28811K [0x0000000600c00000, 0x0000000800000000)
  region size 4096K, 0 young (0K), 0 survivors (0K)
 Metaspace       used 53545K, committed 54016K, reserved 1097728K
  class space    used 7413K, committed 7616K, reserved 1048576K
}
Event: 20430.041 GC heap before
{Heap before GC invocations=1057 (full 1017):
 garbage-first heap   total 110592K, used 28811K [0x0000000600c00000, 0x0000000800000000)
  region size 4096K, 1 young (4096K), 0 survivors (0K)
 Metaspace       used 53545K, committed 54016K, reserved 1097728K
  class space    used 7413K, committed 7616K, reserved 1048576K
}
Event: 20430.070 GC heap after
{Heap after GC invocations=1058 (full 1018):
 garbage-first heap   total 110592K, used 28811K [0x0000000600c00000, 0x0000000800000000)
  region size 4096K, 0 young (0K), 0 survivors (0K)
 Metaspace       used 53545K, committed 54016K, reserved 1097728K
  class space    used 7413K, committed 7616K, reserved 1048576K
}
Event: 20440.239 GC heap before
{Heap before GC invocations=1058 (full 1018):
 garbage-first heap   total 110592K, used 28811K [0x0000000600c00000, 0x0000000800000000)
  region size 4096K, 1 young (4096K), 0 survivors (0K)
 Metaspace       used 53545K, committed 54016K, reserved 1097728K
  class space    used 7413K, committed 7616K, reserved 1048576K
}
Event: 20440.266 GC heap after
{Heap after GC invocations=1059 (full 1019):
 garbage-first heap   total 110592K, used 28811K [0x0000000600c00000, 0x0000000800000000)
  region size 4096K, 0 young (0K), 0 survivors (0K)
 Metaspace       used 53545K, committed 54016K, reserved 1097728K
  class space    used 7413K, committed 7616K, reserved 1048576K
}

