# JRE version: OpenJDK Runtime Environment Temurin-17.0.4.1+1 (17.0.4.1+1) (build 17.0.4.1+1)
# Java VM: OpenJDK 64-Bit Server VM Temurin-17.0.4.1+1 (17.0.4.1+1, mixed mode, emulated-client, tiered, compressed oops, compressed class ptrs, g1 gc, windows-amd64)
GC Precious Log:
 CPUs: 8 total, 8 available
 Memory: 32709M
 Large Page Support: Disabled
 NUMA Support: Disabled
 Compressed Oops: Enabled (Zero based)
 Heap Region Size: 4M
 Heap Min Capacity: 8M
 Heap Initial Capacity: 512M
 Heap Max Capacity: 8180M
 Pre-touch: Disabled
 Parallel Workers: 8
 Concurrent Workers: 2
 Concurrent Refinement Workers: 8
 Periodic GC: Disabled
Heap:
 garbage-first heap   total 880640K, used 208589K [0x0000000600c00000, 0x0000000800000000)
  region size 4096K, 12 young (49152K), 12 survivors (49152K)
 Metaspace       used 39347K, committed 39744K, reserved 1089536K
  class space    used 4988K, committed 5184K, reserved 1048576K
GC Heap History (20 events):
Event: 15.734 GC heap after
{Heap after GC invocations=17 (full 0):
 garbage-first heap   total 163840K, used 65219K [0x0000000600c00000, 0x0000000800000000)
  region size 4096K, 1 young (4096K), 1 survivors (4096K)
 Metaspace       used 39114K, committed 39424K, reserved 1089536K
  class space    used 4965K, committed 5120K, reserved 1048576K
}
Event: 15.742 GC heap before
{Heap before GC invocations=17 (full 0):
 garbage-first heap   total 163840K, used 110275K [0x0000000600c00000, 0x0000000800000000)
  region size 4096K, 13 young (53248K), 1 survivors (4096K)
 Metaspace       used 39127K, committed 39488K, reserved 1089536K
  class space    used 4967K, committed 5184K, reserved 1048576K
}
Event: 15.744 GC heap after
{Heap after GC invocations=18 (full 0):
 garbage-first heap   total 163840K, used 67086K [0x0000000600c00000, 0x0000000800000000)
  region size 4096K, 2 young (8192K), 2 survivors (8192K)
 Metaspace       used 39127K, committed 39488K, reserved 1089536K
  class space    used 4967K, committed 5184K, reserved 1048576K
}
Event: 15.754 GC heap before
{Heap before GC invocations=18 (full 0):
 garbage-first heap   total 163840K, used 112142K [0x0000000600c00000, 0x0000000800000000)
  region size 4096K, 14 young (57344K), 2 survivors (8192K)
 Metaspace       used 39179K, committed 39552K, reserved 1089536K
  class space    used 4975K, committed 5184K, reserved 1048576K
}
Event: 15.757 GC heap after
{Heap after GC invocations=19 (full 0):
 garbage-first heap   total 434176K, used 68950K [0x0000000600c00000, 0x0000000800000000)
  region size 4096K, 2 young (8192K), 2 survivors (8192K)
 Metaspace       used 39179K, committed 39552K, reserved 1089536K
  class space    used 4975K, committed 5184K, reserved 1048576K
}
Event: 15.822 GC heap before
{Heap before GC invocations=19 (full 0):
 garbage-first heap   total 434176K, used 298326K [0x0000000600c00000, 0x0000000800000000)
  region size 4096K, 59 young (241664K), 2 survivors (8192K)
 Metaspace       used 39210K, committed 39616K, reserved 1089536K
  class space    used 4978K, committed 5184K, reserved 1048576K
}
Event: 15.827 GC heap after
{Heap after GC invocations=20 (full 0):
 garbage-first heap   total 434176K, used 78319K [0x0000000600c00000, 0x0000000800000000)
  region size 4096K, 4 young (16384K), 4 survivors (16384K)
 Metaspace       used 39210K, committed 39616K, reserved 1089536K
  class space    used 4978K, committed 5184K, reserved 1048576K
}
Event: 15.874 GC heap before
{Heap before GC invocations=20 (full 0):
 garbage-first heap   total 434176K, used 315887K [0x0000000600c00000, 0x0000000800000000)
  region size 4096K, 63 young (258048K), 4 survivors (16384K)
 Metaspace       used 39211K, committed 39616K, reserved 1089536K
  class space    used 4978K, committed 5184K, reserved 1048576K
}
Event: 15.882 GC heap after
{Heap after GC invocations=21 (full 0):
 garbage-first heap   total 434176K, used 88052K [0x0000000600c00000, 0x0000000800000000)
  region size 4096K, 7 young (28672K), 7 survivors (28672K)
 Metaspace       used 39211K, committed 39616K, reserved 1089536K
  class space    used 4978K, committed 5184K, reserved 1048576K
}
Event: 15.965 GC heap before
{Heap before GC invocations=21 (full 0):
 garbage-first heap   total 434176K, used 313332K [0x0000000600c00000, 0x0000000800000000)
  region size 4096K, 64 young (262144K), 7 survivors (28672K)
 Metaspace       used 39211K, committed 39616K, reserved 1089536K
  class space    used 4978K, committed 5184K, reserved 1048576K
}
Event: 15.975 GC heap after
{Heap after GC invocations=22 (full 0):
 garbage-first heap   total 434176K, used 98148K [0x0000000600c00000, 0x0000000800000000)
  region size 4096K, 5 young (20480K), 5 survivors (20480K)
 Metaspace       used 39211K, committed 39616K, reserved 1089536K
  class space    used 4978K, committed 5184K, reserved 1048576K
}
Event: 16.007 GC heap before
{Heap before GC invocations=22 (full 0):
 garbage-first heap   total 434176K, used 331620K [0x0000000600c00000, 0x0000000800000000)
  region size 4096K, 63 young (258048K), 5 survivors (20480K)
 Metaspace       used 39211K, committed 39616K, reserved 1089536K
  class space    used 4978K, committed 5184K, reserved 1048576K
}
Event: 16.015 GC heap after
{Heap after GC invocations=23 (full 0):
 garbage-first heap   total 880640K, used 107323K [0x0000000600c00000, 0x0000000800000000)
  region size 4096K, 5 young (20480K), 5 survivors (20480K)
 Metaspace       used 39211K, committed 39616K, reserved 1089536K
  class space    used 4978K, committed 5184K, reserved 1048576K
}
Event: 16.343 GC heap before
{Heap before GC invocations=23 (full 0):
 garbage-first heap   total 880640K, used 611131K [0x0000000600c00000, 0x0000000800000000)
  region size 4096K, 129 young (528384K), 5 survivors (20480K)
 Metaspace       used 39346K, committed 39744K, reserved 1089536K
  class space    used 4988K, committed 5184K, reserved 1048576K
}
Event: 16.352 GC heap after
{Heap after GC invocations=24 (full 0):
 garbage-first heap   total 880640K, used 135823K [0x0000000600c00000, 0x0000000800000000)
  region size 4096K, 12 young (49152K), 12 survivors (49152K)
 Metaspace       used 39346K, committed 39744K, reserved 1089536K
  class space    used 4988K, committed 5184K, reserved 1048576K
}
Event: 17.028 GC heap before
{Heap before GC invocations=24 (full 0):
 garbage-first heap   total 880640K, used 610959K [0x0000000600c00000, 0x0000000800000000)
  region size 4096K, 129 young (528384K), 12 survivors (49152K)
 Metaspace       used 39347K, committed 39744K, reserved 1089536K
  class space    used 4988K, committed 5184K, reserved 1048576K
}
Event: 17.044 GC heap after
{Heap after GC invocations=25 (full 0):
 garbage-first heap   total 880640K, used 161855K [0x0000000600c00000, 0x0000000800000000)
  region size 4096K, 14 young (57344K), 14 survivors (57344K)
 Metaspace       used 39347K, committed 39744K, reserved 1089536K
  class space    used 4988K, committed 5184K, reserved 1048576K
}
Event: 17.603 GC heap before
{Heap before GC invocations=25 (full 0):
 garbage-first heap   total 880640K, used 628799K [0x0000000600c00000, 0x0000000800000000)
  region size 4096K, 129 young (528384K), 14 survivors (57344K)
 Metaspace       used 39347K, committed 39744K, reserved 1089536K
  class space    used 4988K, committed 5184K, reserved 1048576K
}
Event: 17.618 GC heap after
{Heap after GC invocations=26 (full 0):
 garbage-first heap   total 880640K, used 185687K [0x0000000600c00000, 0x0000000800000000)
  region size 4096K, 13 young (53248K), 13 survivors (53248K)
 Metaspace       used 39347K, committed 39744K, reserved 1089536K
  class space    used 4988K, committed 5184K, reserved 1048576K
}
Event: 18.320 GC heap before
{Heap before GC invocations=26 (full 0):
 garbage-first heap   total 880640K, used 656727K [0x0000000600c00000, 0x0000000800000000)
  region size 4096K, 129 young (528384K), 13 survivors (53248K)
 Metaspace       used 39347K, committed 39744K, reserved 1089536K
  class space    used 4988K, committed 5184K, reserved 1048576K
}

