# JRE version: OpenJDK Runtime Environment Temurin-17.0.4.1+1 (17.0.4.1+1) (build 17.0.4.1+1)
# Java VM: OpenJDK 64-Bit Server VM Temurin-17.0.4.1+1 (17.0.4.1+1, mixed mode, emulated-client, tiered, compressed oops, compressed class ptrs, g1 gc, windows-amd64)
GC Precious Log:
 CPUs: 8 total, 8 available
 Memory: 32709M
 Large Page Support: Disabled
 NUMA Support: Disabled
 Compressed Oops: Enabled (Zero based)
 Heap Region Size: 4M
 Heap Min Capacity: 8M
 Heap Initial Capacity: 512M
 Heap Max Capacity: 8180M
 Pre-touch: Disabled
 Parallel Workers: 8
 Concurrent Workers: 2
 Concurrent Refinement Workers: 8
 Periodic GC: Disabled
Heap:
 garbage-first heap   total 98304K, used 26997K [0x0000000600c00000, 0x0000000800000000)
  region size 4096K, 1 young (4096K), 0 survivors (0K)
 Metaspace       used 46865K, committed 47360K, reserved 1097728K
  class space    used 6388K, committed 6592K, reserved 1048576K
GC Heap History (20 events):
Event: 4485.279 GC heap before
{Heap before GC invocations=446 (full 422):
 garbage-first heap   total 98304K, used 26997K [0x0000000600c00000, 0x0000000800000000)
  region size 4096K, 1 young (4096K), 0 survivors (0K)
 Metaspace       used 46865K, committed 47360K, reserved 1097728K
  class space    used 6388K, committed 6592K, reserved 1048576K
}
Event: 4485.304 GC heap after
{Heap after GC invocations=447 (full 423):
 garbage-first heap   total 98304K, used 26997K [0x0000000600c00000, 0x0000000800000000)
  region size 4096K, 0 young (0K), 0 survivors (0K)
 Metaspace       used 46865K, committed 47360K, reserved 1097728K
  class space    used 6388K, committed 6592K, reserved 1048576K
}
Event: 4495.459 GC heap before
{Heap before GC invocations=447 (full 423):
 garbage-first heap   total 98304K, used 26997K [0x0000000600c00000, 0x0000000800000000)
  region size 4096K, 1 young (4096K), 0 survivors (0K)
 Metaspace       used 46865K, committed 47360K, reserved 1097728K
  class space    used 6388K, committed 6592K, reserved 1048576K
}
Event: 4495.482 GC heap after
{Heap after GC invocations=448 (full 424):
 garbage-first heap   total 98304K, used 26997K [0x0000000600c00000, 0x0000000800000000)
  region size 4096K, 0 young (0K), 0 survivors (0K)
 Metaspace       used 46865K, committed 47360K, reserved 1097728K
  class space    used 6388K, committed 6592K, reserved 1048576K
}
Event: 4505.635 GC heap before
{Heap before GC invocations=448 (full 424):
 garbage-first heap   total 98304K, used 26997K [0x0000000600c00000, 0x0000000800000000)
  region size 4096K, 1 young (4096K), 0 survivors (0K)
 Metaspace       used 46865K, committed 47360K, reserved 1097728K
  class space    used 6388K, committed 6592K, reserved 1048576K
}
Event: 4505.659 GC heap after
{Heap after GC invocations=449 (full 425):
 garbage-first heap   total 98304K, used 26997K [0x0000000600c00000, 0x0000000800000000)
  region size 4096K, 0 young (0K), 0 survivors (0K)
 Metaspace       used 46865K, committed 47360K, reserved 1097728K
  class space    used 6388K, committed 6592K, reserved 1048576K
}
Event: 4515.831 GC heap before
{Heap before GC invocations=449 (full 425):
 garbage-first heap   total 98304K, used 26997K [0x0000000600c00000, 0x0000000800000000)
  region size 4096K, 1 young (4096K), 0 survivors (0K)
 Metaspace       used 46865K, committed 47360K, reserved 1097728K
  class space    used 6388K, committed 6592K, reserved 1048576K
}
Event: 4515.855 GC heap after
{Heap after GC invocations=450 (full 426):
 garbage-first heap   total 98304K, used 26997K [0x0000000600c00000, 0x0000000800000000)
  region size 4096K, 0 young (0K), 0 survivors (0K)
 Metaspace       used 46865K, committed 47360K, reserved 1097728K
  class space    used 6388K, committed 6592K, reserved 1048576K
}
Event: 4526.027 GC heap before
{Heap before GC invocations=450 (full 426):
 garbage-first heap   total 98304K, used 26997K [0x0000000600c00000, 0x0000000800000000)
  region size 4096K, 1 young (4096K), 0 survivors (0K)
 Metaspace       used 46865K, committed 47360K, reserved 1097728K
  class space    used 6388K, committed 6592K, reserved 1048576K
}
Event: 4526.052 GC heap after
{Heap after GC invocations=451 (full 427):
 garbage-first heap   total 98304K, used 26997K [0x0000000600c00000, 0x0000000800000000)
  region size 4096K, 0 young (0K), 0 survivors (0K)
 Metaspace       used 46865K, committed 47360K, reserved 1097728K
  class space    used 6388K, committed 6592K, reserved 1048576K
}
Event: 4536.216 GC heap before
{Heap before GC invocations=451 (full 427):
 garbage-first heap   total 98304K, used 26997K [0x0000000600c00000, 0x0000000800000000)
  region size 4096K, 1 young (4096K), 0 survivors (0K)
 Metaspace       used 46865K, committed 47360K, reserved 1097728K
  class space    used 6388K, committed 6592K, reserved 1048576K
}
Event: 4536.241 GC heap after
{Heap after GC invocations=452 (full 428):
 garbage-first heap   total 98304K, used 26997K [0x0000000600c00000, 0x0000000800000000)
  region size 4096K, 0 young (0K), 0 survivors (0K)
 Metaspace       used 46865K, committed 47360K, reserved 1097728K
  class space    used 6388K, committed 6592K, reserved 1048576K
}
Event: 4546.412 GC heap before
{Heap before GC invocations=452 (full 428):
 garbage-first heap   total 98304K, used 26997K [0x0000000600c00000, 0x0000000800000000)
  region size 4096K, 1 young (4096K), 0 survivors (0K)
 Metaspace       used 46865K, committed 47360K, reserved 1097728K
  class space    used 6388K, committed 6592K, reserved 1048576K
}
Event: 4546.437 GC heap after
{Heap after GC invocations=453 (full 429):
 garbage-first heap   total 98304K, used 26997K [0x0000000600c00000, 0x0000000800000000)
  region size 4096K, 0 young (0K), 0 survivors (0K)
 Metaspace       used 46865K, committed 47360K, reserved 1097728K
  class space    used 6388K, committed 6592K, reserved 1048576K
}
Event: 4556.614 GC heap before
{Heap before GC invocations=453 (full 429):
 garbage-first heap   total 98304K, used 26997K [0x0000000600c00000, 0x0000000800000000)
  region size 4096K, 1 young (4096K), 0 survivors (0K)
 Metaspace       used 46865K, committed 47360K, reserved 1097728K
  class space    used 6388K, committed 6592K, reserved 1048576K
}
Event: 4556.640 GC heap after
{Heap after GC invocations=454 (full 430):
 garbage-first heap   total 98304K, used 26997K [0x0000000600c00000, 0x0000000800000000)
  region size 4096K, 0 young (0K), 0 survivors (0K)
 Metaspace       used 46865K, committed 47360K, reserved 1097728K
  class space    used 6388K, committed 6592K, reserved 1048576K
}
Event: 4567.057 GC heap before
{Heap before GC invocations=454 (full 430):
 garbage-first heap   total 98304K, used 26997K [0x0000000600c00000, 0x0000000800000000)
  region size 4096K, 1 young (4096K), 0 survivors (0K)
 Metaspace       used 46865K, committed 47360K, reserved 1097728K
  class space    used 6388K, committed 6592K, reserved 1048576K
}
Event: 4567.081 GC heap after
{Heap after GC invocations=455 (full 431):
 garbage-first heap   total 98304K, used 26997K [0x0000000600c00000, 0x0000000800000000)
  region size 4096K, 0 young (0K), 0 survivors (0K)
 Metaspace       used 46865K, committed 47360K, reserved 1097728K
  class space    used 6388K, committed 6592K, reserved 1048576K
}
Event: 4577.247 GC heap before
{Heap before GC invocations=455 (full 431):
 garbage-first heap   total 98304K, used 26997K [0x0000000600c00000, 0x0000000800000000)
  region size 4096K, 1 young (4096K), 0 survivors (0K)
 Metaspace       used 46865K, committed 47360K, reserved 1097728K
  class space    used 6388K, committed 6592K, reserved 1048576K
}
Event: 4577.270 GC heap after
{Heap after GC invocations=456 (full 432):
 garbage-first heap   total 98304K, used 26997K [0x0000000600c00000, 0x0000000800000000)
  region size 4096K, 0 young (0K), 0 survivors (0K)
 Metaspace       used 46865K, committed 47360K, reserved 1097728K
  class space    used 6388K, committed 6592K, reserved 1048576K
}

